<?xml version="1.0" encoding="UTF-8"?>
<testsuite name="MinesweeperTest" tests="1" skipped="0" failures="0" errors="0" timestamp="2020-09-12T08:09:09" hostname="DESKTOP-A82CK7U" time="4.751">
  <properties/>
  <testcase name="start" classname="MinesweeperTest" time="4.751"/>
  <system-out><![CDATA[?[1;31m
Start test 1?[0m
How many mines do you want on the field?
> 1
 |123456789|
-|---------|
1|.........|
2|.........|
3|.........|
4|.........|
5|.........|
6|.........|
7|.........|
8|.........|
9|.........|
-|---------|
Set/unset mine marks or claim a cell as free:
> 8 7 free
 |123456789|
-|---------|
1|/////////|
2|/////////|
3|/////////|
4|11///////|
5|.1///////|
6|11///////|
7|/////////|
8|/////////|
9|/////////|
-|---------|
Congratulations! You found all the mines.
?[1;31m
Start test 2?[0m
How many mines do you want on the field?
> 1
 |123456789|
-|---------|
1|.........|
2|.........|
3|.........|
4|.........|
5|.........|
6|.........|
7|.........|
8|.........|
9|.........|
-|---------|
Set/unset mine marks or claim a cell as free:
> 2 8 free
 |123456789|
-|---------|
1|/////////|
2|/////////|
3|/////////|
4|/////////|
5|/111/////|
6|/1.1/////|
7|/111/////|
8|/////////|
9|/////////|
-|---------|
Congratulations! You found all the mines.
?[1;31m
Start test 3?[0m
How many mines do you want on the field?
> 1
 |123456789|
-|---------|
1|.........|
2|.........|
3|.........|
4|.........|
5|.........|
6|.........|
7|.........|
8|.........|
9|.........|
-|---------|
Set/unset mine marks or claim a cell as free:
> 5 9 mine
 |123456789|
-|---------|
1|.........|
2|.........|
3|.........|
4|.........|
5|.........|
6|.........|
7|.........|
8|.........|
9|....*....|
-|---------|
Set/unset mine marks or claim a cell as free:
> 1 5 free
 |123456789|
-|---------|
1|/////////|
2|/////////|
3|/////////|
4|/////////|
5|//111////|
6|//1.1////|
7|//111////|
8|/////////|
9|/////////|
-|---------|
Congratulations! You found all the mines.
?[1;31m
Start test 4?[0m
How many mines do you want on the field?
> 1
 |123456789|
-|---------|
1|.........|
2|.........|
3|.........|
4|.........|
5|.........|
6|.........|
7|.........|
8|.........|
9|.........|
-|---------|
Set/unset mine marks or claim a cell as free:
> 9 8 free
 |123456789|
-|---------|
1|///1.1///|
2|///1.1///|
3|///111///|
4|/////////|
5|/////////|
6|/////////|
7|/////////|
8|/////////|
9|/////////|
-|---------|
Set/unset mine marks or claim a cell as free:
> 5 1 free
 |123456789|
-|---------|
1|///111///|
2|///1.1///|
3|///111///|
4|/////////|
5|/////////|
6|/////////|
7|/////////|
8|/////////|
9|/////////|
-|---------|
Congratulations! You found all the mines.
?[1;31m
Start test 5?[0m
How many mines do you want on the field?
> 1
 |123456789|
-|---------|
1|.........|
2|.........|
3|.........|
4|.........|
5|.........|
6|.........|
7|.........|
8|.........|
9|.........|
-|---------|
Set/unset mine marks or claim a cell as free:
> 9 8 mine
 |123456789|
-|---------|
1|.........|
2|.........|
3|.........|
4|.........|
5|.........|
6|.........|
7|.........|
8|........*|
9|.........|
-|---------|
Set/unset mine marks or claim a cell as free:
> 9 8 mine
 |123456789|
-|---------|
1|.........|
2|.........|
3|.........|
4|.........|
5|.........|
6|.........|
7|.........|
8|.........|
9|.........|
-|---------|
Congratulations! You found all the mines.
?[1;31m
Start test 6?[0m
How many mines do you want on the field?
> 1
 |123456789|
-|---------|
1|.........|
2|.........|
3|.........|
4|.........|
5|.........|
6|.........|
7|.........|
8|.........|
9|.........|
-|---------|
Set/unset mine marks or claim a cell as free:
> 4 8 free
 |123456789|
-|---------|
1|/////////|
2|/////////|
3|/////////|
4|/////////|
5|/////////|
6|/////////|
7|/////////|
8|11///////|
9|.1///////|
-|---------|
Congratulations! You found all the mines.
?[1;31m
Start test 7?[0m
How many mines do you want on the field?
> 1
 |123456789|
-|---------|
1|.........|
2|.........|
3|.........|
4|.........|
5|.........|
6|.........|
7|.........|
8|.........|
9|.........|
-|---------|
Set/unset mine marks or claim a cell as free:
> 7 2 free
 |123456789|
-|---------|
1|/////////|
2|/111/////|
3|/1.1/////|
4|/111/////|
5|/////////|
6|/////////|
7|/////////|
8|/////////|
9|/////////|
-|---------|
Congratulations! You found all the mines.
?[1;31m
Start test 8?[0m
How many mines do you want on the field?
> 1
 |123456789|
-|---------|
1|.........|
2|.........|
3|.........|
4|.........|
5|.........|
6|.........|
7|.........|
8|.........|
9|.........|
-|---------|
Set/unset mine marks or claim a cell as free:
> 5 8 free
 |123456789|
-|---------|
1|//////1..|
2|//////111|
3|/////////|
4|/////////|
5|/////////|
6|/////////|
7|/////////|
8|/////////|
9|/////////|
-|---------|
Set/unset mine marks or claim a cell as free:
> 9 1 free
 |123456789|
-|---------|
1|//////1.1|
2|//////111|
3|/////////|
4|/////////|
5|/////////|
6|/////////|
7|/////////|
8|/////////|
9|/////////|
-|---------|
Congratulations! You found all the mines.
?[1;31m
Start test 9?[0m
How many mines do you want on the field?
> 1
 |123456789|
-|---------|
1|.........|
2|.........|
3|.........|
4|.........|
5|.........|
6|.........|
7|.........|
8|.........|
9|.........|
-|---------|
Set/unset mine marks or claim a cell as free:
> 9 1 free
 |123456789|
-|---------|
1|/////////|
2|/////////|
3|/////////|
4|111//////|
5|..1//////|
6|111//////|
7|/////////|
8|/////////|
9|/////////|
-|---------|
Set/unset mine marks or claim a cell as free:
> 2 5 free
 |123456789|
-|---------|
1|/////////|
2|/////////|
3|/////////|
4|111//////|
5|.X1//////|
6|111//////|
7|/////////|
8|/////////|
9|/////////|
-|---------|
You stepped on a mine and failed!
?[1;31m
Start test 10?[0m
How many mines do you want on the field?
> 1
 |123456789|
-|---------|
1|.........|
2|.........|
3|.........|
4|.........|
5|.........|
6|.........|
7|.........|
8|.........|
9|.........|
-|---------|
Set/unset mine marks or claim a cell as free:
> 5 4 mine
 |123456789|
-|---------|
1|.........|
2|.........|
3|.........|
4|....*....|
5|.........|
6|.........|
7|.........|
8|.........|
9|.........|
-|---------|
Set/unset mine marks or claim a cell as free:
> 3 6 free
 |123456789|
-|---------|
1|////1.1//|
2|////111//|
3|/////////|
4|/////////|
5|/////////|
6|/////////|
7|/////////|
8|/////////|
9|/////////|
-|---------|
Congratulations! You found all the mines.
?[1;31m
Start test 11?[0m
How many mines do you want on the field?
> 1
 |123456789|
-|---------|
1|.........|
2|.........|
3|.........|
4|.........|
5|.........|
6|.........|
7|.........|
8|.........|
9|.........|
-|---------|
Set/unset mine marks or claim a cell as free:
> 4 3 free
 |123456789|
-|---------|
1|/////////|
2|/////////|
3|/////////|
4|/////////|
5|/////////|
6|//111////|
7|//1.1////|
8|//111////|
9|/////////|
-|---------|
Congratulations! You found all the mines.
?[1;31m
Start test 12?[0m
How many mines do you want on the field?
> 1
 |123456789|
-|---------|
1|.........|
2|.........|
3|.........|
4|.........|
5|.........|
6|.........|
7|.........|
8|.........|
9|.........|
-|---------|
Set/unset mine marks or claim a cell as free:
> 6 2 mine
 |123456789|
-|---------|
1|.........|
2|.....*...|
3|.........|
4|.........|
5|.........|
6|.........|
7|.........|
8|.........|
9|.........|
-|---------|
Set/unset mine marks or claim a cell as free:
> 6 2 mine
 |123456789|
-|---------|
1|.........|
2|.........|
3|.........|
4|.........|
5|.........|
6|.........|
7|.........|
8|.........|
9|.........|
-|---------|
Congratulations! You found all the mines.
?[1;31m
Start test 13?[0m
How many mines do you want on the field?
> 1
 |123456789|
-|---------|
1|.........|
2|.........|
3|.........|
4|.........|
5|.........|
6|.........|
7|.........|
8|.........|
9|.........|
-|---------|
Set/unset mine marks or claim a cell as free:
> 6 6 free
 |123456789|
-|---------|
1|/////////|
2|/////////|
3|/////////|
4|/////////|
5|/////////|
6|/////////|
7|////111//|
8|////1.1//|
9|////1.1//|
-|---------|
Set/unset mine marks or claim a cell as free:
> 6 8 free
 |123456789|
-|---------|
1|/////////|
2|/////////|
3|/////////|
4|/////////|
5|/////////|
6|/////////|
7|////111//|
8|////1X1//|
9|////1.1//|
-|---------|
You stepped on a mine and failed!
?[1;31m
Start test 14?[0m
How many mines do you want on the field?
> 1
 |123456789|
-|---------|
1|.........|
2|.........|
3|.........|
4|.........|
5|.........|
6|.........|
7|.........|
8|.........|
9|.........|
-|---------|
Set/unset mine marks or claim a cell as free:
> 3 1 free
 |123456789|
-|---------|
1|//////1..|
2|//////111|
3|/////////|
4|/////////|
5|/////////|
6|/////////|
7|/////////|
8|/////////|
9|/////////|
-|---------|
Set/unset mine marks or claim a cell as free:
> 8 1 free
 |123456789|
-|---------|
1|//////1X.|
2|//////111|
3|/////////|
4|/////////|
5|/////////|
6|/////////|
7|/////////|
8|/////////|
9|/////////|
-|---------|
You stepped on a mine and failed!
?[1;31m
Start test 15?[0m
How many mines do you want on the field?
> 1
 |123456789|
-|---------|
1|.........|
2|.........|
3|.........|
4|.........|
5|.........|
6|.........|
7|.........|
8|.........|
9|.........|
-|---------|
Set/unset mine marks or claim a cell as free:
> 8 9 free
 |123456789|
-|---------|
1|/////////|
2|/////////|
3|/////////|
4|/////////|
5|///111///|
6|///1.1///|
7|///111///|
8|/////////|
9|/////////|
-|---------|
Congratulations! You found all the mines.
?[1;31m
Start test 16?[0m
How many mines do you want on the field?
> 1
 |123456789|
-|---------|
1|.........|
2|.........|
3|.........|
4|.........|
5|.........|
6|.........|
7|.........|
8|.........|
9|.........|
-|---------|
Set/unset mine marks or claim a cell as free:
> 4 3 free
 |123456789|
-|---------|
1|.........|
2|.........|
3|...1.....|
4|.........|
5|.........|
6|.........|
7|.........|
8|.........|
9|.........|
-|---------|
Set/unset mine marks or claim a cell as free:
> 2 4 free
 |123456789|
-|---------|
1|//1.1////|
2|//1.1////|
3|//111////|
4|/////////|
5|/////////|
6|/////////|
7|/////////|
8|/////////|
9|/////////|
-|---------|
Set/unset mine marks or claim a cell as free:
> 4 1 free
 |123456789|
-|---------|
1|//111////|
2|//1.1////|
3|//111////|
4|/////////|
5|/////////|
6|/////////|
7|/////////|
8|/////////|
9|/////////|
-|---------|
Congratulations! You found all the mines.
?[1;31m
Start test 17?[0m
How many mines do you want on the field?
> 1
 |123456789|
-|---------|
1|.........|
2|.........|
3|.........|
4|.........|
5|.........|
6|.........|
7|.........|
8|.........|
9|.........|
-|---------|
Set/unset mine marks or claim a cell as free:
> 2 6 free
 |123456789|
-|---------|
1|/////////|
2|/111/////|
3|/1.1/////|
4|/111/////|
5|/////////|
6|/////////|
7|/////////|
8|/////////|
9|/////////|
-|---------|
Congratulations! You found all the mines.
?[1;31m
Start test 18?[0m
How many mines do you want on the field?
> 1
 |123456789|
-|---------|
1|.........|
2|.........|
3|.........|
4|.........|
5|.........|
6|.........|
7|.........|
8|.........|
9|.........|
-|---------|
Set/unset mine marks or claim a cell as free:
> 2 9 free
 |123456789|
-|---------|
1|/////////|
2|/////////|
3|////111//|
4|////1.1//|
5|////111//|
6|/////////|
7|/////////|
8|/////////|
9|/////////|
-|---------|
Congratulations! You found all the mines.
?[1;31m
Start test 19?[0m
How many mines do you want on the field?
> 1
 |123456789|
-|---------|
1|.........|
2|.........|
3|.........|
4|.........|
5|.........|
6|.........|
7|.........|
8|.........|
9|.........|
-|---------|
Set/unset mine marks or claim a cell as free:
> 2 9 mine
 |123456789|
-|---------|
1|.........|
2|.........|
3|.........|
4|.........|
5|.........|
6|.........|
7|.........|
8|.........|
9|.*.......|
-|---------|
Set/unset mine marks or claim a cell as free:
> 3 9 free
 |123456789|
-|---------|
1|/////////|
2|/////////|
3|/////////|
4|/////111/|
5|/////1.1/|
6|/////111/|
7|/////////|
8|/////////|
9|/////////|
-|---------|
Congratulations! You found all the mines.
?[1;31m
Start test 20?[0m
How many mines do you want on the field?
> 1
 |123456789|
-|---------|
1|.........|
2|.........|
3|.........|
4|.........|
5|.........|
6|.........|
7|.........|
8|.........|
9|.........|
-|---------|
Set/unset mine marks or claim a cell as free:
> 2 4 free
 |123456789|
-|---------|
1|/////1.1/|
2|/////1.1/|
3|/////111/|
4|/////////|
5|/////////|
6|/////////|
7|/////////|
8|/////////|
9|/////////|
-|---------|
Set/unset mine marks or claim a cell as free:
> 7 2 free
 |123456789|
-|---------|
1|/////1.1/|
2|/////1X1/|
3|/////111/|
4|/////////|
5|/////////|
6|/////////|
7|/////////|
8|/////////|
9|/////////|
-|---------|
You stepped on a mine and failed!
?[1;31m
Start test 21?[0m
How many mines do you want on the field?
> 2
 |123456789|
-|---------|
1|.........|
2|.........|
3|.........|
4|.........|
5|.........|
6|.........|
7|.........|
8|.........|
9|.........|
-|---------|
Set/unset mine marks or claim a cell as free:
> 1 5 free
 |123456789|
-|---------|
1|/1.1/////|
2|/111/////|
3|///////11|
4|///////1.|
5|///////11|
6|/////////|
7|/////////|
8|/////////|
9|/////////|
-|---------|
Congratulations! You found all the mines.
?[1;31m
Start test 22?[0m
How many mines do you want on the field?
> 2
 |123456789|
-|---------|
1|.........|
2|.........|
3|.........|
4|.........|
5|.........|
6|.........|
7|.........|
8|.........|
9|.........|
-|---------|
Set/unset mine marks or claim a cell as free:
> 1 8 mine
 |123456789|
-|---------|
1|.........|
2|.........|
3|.........|
4|.........|
5|.........|
6|.........|
7|.........|
8|*........|
9|.........|
-|---------|
Set/unset mine marks or claim a cell as free:
> 6 5 free
 |123456789|
-|---------|
1|.........|
2|.........|
3|.........|
4|.........|
5|.....1...|
6|.........|
7|.........|
8|*........|
9|.........|
-|---------|
Set/unset mine marks or claim a cell as free:
> 8 9 free
 |123456789|
-|---------|
1|/////////|
2|/////////|
3|/////////|
4|///111///|
5|///1.1///|
6|///111///|
7|/////////|
8|11///////|
9|.1///////|
-|---------|
Congratulations! You found all the mines.
?[1;31m
Start test 23?[0m
How many mines do you want on the field?
> 2
 |123456789|
-|---------|
1|.........|
2|.........|
3|.........|
4|.........|
5|.........|
6|.........|
7|.........|
8|.........|
9|.........|
-|---------|
Set/unset mine marks or claim a cell as free:
> 8 4 free
 |123456789|
-|---------|
1|/////////|
2|///111///|
3|///1.1///|
4|///111///|
5|/////////|
6|/////111/|
7|/////1.1/|
8|/////111/|
9|/////////|
-|---------|
Congratulations! You found all the mines.
?[1;31m
Start test 24?[0m
How many mines do you want on the field?
> 2
 |123456789|
-|---------|
1|.........|
2|.........|
3|.........|
4|.........|
5|.........|
6|.........|
7|.........|
8|.........|
9|.........|
-|---------|
Set/unset mine marks or claim a cell as free:
> 9 6 free
 |123456789|
-|---------|
1|////1.1//|
2|////111//|
3|/////////|
4|/////////|
5|/////////|
6|/////////|
7|/////////|
8|//111////|
9|//1.1////|
-|---------|
Congratulations! You found all the mines.
?[1;31m
Start test 25?[0m
How many mines do you want on the field?
> 2
 |123456789|
-|---------|
1|.........|
2|.........|
3|.........|
4|.........|
5|.........|
6|.........|
7|.........|
8|.........|
9|.........|
-|---------|
Set/unset mine marks or claim a cell as free:
> 9 6 mine
 |123456789|
-|---------|
1|.........|
2|.........|
3|.........|
4|.........|
5|.........|
6|........*|
7|.........|
8|.........|
9|.........|
-|---------|
Set/unset mine marks or claim a cell as free:
> 9 1 free
 |123456789|
-|---------|
1|/////////|
2|/////////|
3|/////////|
4|/////111/|
5|11///1.1/|
6|.1///111/|
7|11///////|
8|/////////|
9|/////////|
-|---------|
Congratulations! You found all the mines.
?[1;31m
Start test 26?[0m
How many mines do you want on the field?
> 2
 |123456789|
-|---------|
1|.........|
2|.........|
3|.........|
4|.........|
5|.........|
6|.........|
7|.........|
8|.........|
9|.........|
-|---------|
Set/unset mine marks or claim a cell as free:
> 8 7 free
 |123456789|
-|---------|
1|/////////|
2|//////111|
3|//////1..|
4|//////111|
5|/////////|
6|////111//|
7|////1.1//|
8|////111//|
9|/////////|
-|---------|
Set/unset mine marks or claim a cell as free:
> 6 7 mine
 |123456789|
-|---------|
1|/////////|
2|//////111|
3|//////1..|
4|//////111|
5|/////////|
6|////111//|
7|////1*1//|
8|////111//|
9|/////////|
-|---------|
Set/unset mine marks or claim a cell as free:
> 6 7 mine
 |123456789|
-|---------|
1|/////////|
2|//////111|
3|//////1..|
4|//////111|
5|/////////|
6|////111//|
7|////1.1//|
8|////111//|
9|/////////|
-|---------|
Set/unset mine marks or claim a cell as free:
> 9 3 free
 |123456789|
-|---------|
1|/////////|
2|//////111|
3|//////1.1|
4|//////111|
5|/////////|
6|////111//|
7|////1.1//|
8|////111//|
9|/////////|
-|---------|
Congratulations! You found all the mines.
?[1;31m
Start test 27?[0m
How many mines do you want on the field?
> 2
 |123456789|
-|---------|
1|.........|
2|.........|
3|.........|
4|.........|
5|.........|
6|.........|
7|.........|
8|.........|
9|.........|
-|---------|
Set/unset mine marks or claim a cell as free:
> 4 9 free
 |123456789|
-|---------|
1|/1.1/////|
2|/1.1/////|
3|/111/////|
4|/////////|
5|111//////|
6|..1//////|
7|111//////|
8|/////////|
9|/////////|
-|---------|
Set/unset mine marks or claim a cell as free:
> 3 1 mine
 |123456789|
-|---------|
1|/1*1/////|
2|/1.1/////|
3|/111/////|
4|/////////|
5|111//////|
6|..1//////|
7|111//////|
8|/////////|
9|/////////|
-|---------|
Set/unset mine marks or claim a cell as free:
> 2 6 free
 |123456789|
-|---------|
1|/1*1/////|
2|/1X1/////|
3|/111/////|
4|/////////|
5|111//////|
6|.X1//////|
7|111//////|
8|/////////|
9|/////////|
-|---------|
You stepped on a mine and failed!
?[1;31m
Start test 28?[0m
How many mines do you want on the field?
> 2
 |123456789|
-|---------|
1|.........|
2|.........|
3|.........|
4|.........|
5|.........|
6|.........|
7|.........|
8|.........|
9|.........|
-|---------|
Set/unset mine marks or claim a cell as free:
> 2 9 mine
 |123456789|
-|---------|
1|.........|
2|.........|
3|.........|
4|.........|
5|.........|
6|.........|
7|.........|
8|.........|
9|.*.......|
-|---------|
Set/unset mine marks or claim a cell as free:
> 2 9 mine
 |123456789|
-|---------|
1|.........|
2|.........|
3|.........|
4|.........|
5|.........|
6|.........|
7|.........|
8|.........|
9|.........|
-|---------|
Congratulations! You found all the mines.
?[1;31m
Start test 29?[0m
How many mines do you want on the field?
> 2
 |123456789|
-|---------|
1|.........|
2|.........|
3|.........|
4|.........|
5|.........|
6|.........|
7|.........|
8|.........|
9|.........|
-|---------|
Set/unset mine marks or claim a cell as free:
> 9 3 free
 |123456789|
-|---------|
1|.........|
2|.........|
3|........1|
4|.........|
5|.........|
6|.........|
7|.........|
8|.........|
9|.........|
-|---------|
Set/unset mine marks or claim a cell as free:
> 1 1 free
 |123456789|
-|---------|
1|/1.1/////|
2|/111/////|
3|///////11|
4|///////1.|
5|///////11|
6|/////////|
7|/////////|
8|/////////|
9|/////////|
-|---------|
Congratulations! You found all the mines.
?[1;31m
Start test 30?[0m
How many mines do you want on the field?
> 2
 |123456789|
-|---------|
1|.........|
2|.........|
3|.........|
4|.........|
5|.........|
6|.........|
7|.........|
8|.........|
9|.........|
-|---------|
Set/unset mine marks or claim a cell as free:
> 5 3 mine
 |123456789|
-|---------|
1|.........|
2|.........|
3|....*....|
4|.........|
5|.........|
6|.........|
7|.........|
8|.........|
9|.........|
-|---------|
Set/unset mine marks or claim a cell as free:
> 5 9 free
 |123456789|
-|---------|
1|/////1.1/|
2|/////1.1/|
3|/////111/|
4|/////////|
5|/////////|
6|/////////|
7|///////11|
8|///////1.|
9|///////1.|
-|---------|
Set/unset mine marks or claim a cell as free:
> 7 2 free
 |123456789|
-|---------|
1|/////1.1/|
2|/////1X1/|
3|/////111/|
4|/////////|
5|/////////|
6|/////////|
7|///////11|
8|///////1X|
9|///////1.|
-|---------|
You stepped on a mine and failed!
?[1;31m
Start test 31?[0m
How many mines do you want on the field?
> 2
 |123456789|
-|---------|
1|.........|
2|.........|
3|.........|
4|.........|
5|.........|
6|.........|
7|.........|
8|.........|
9|.........|
-|---------|
Set/unset mine marks or claim a cell as free:
> 9 2 mine
 |123456789|
-|---------|
1|.........|
2|........*|
3|.........|
4|.........|
5|.........|
6|.........|
7|.........|
8|.........|
9|.........|
-|---------|
Set/unset mine marks or claim a cell as free:
> 4 7 free
 |123456789|
-|---------|
1|/1.1/////|
2|/1.1/////|
3|/111//111|
4|//////1..|
5|//////111|
6|/////////|
7|/////////|
8|/////////|
9|/////////|
-|---------|
Set/unset mine marks or claim a cell as free:
> 3 2 free
 |123456789|
-|---------|
1|/1.1/////|
2|/1X1/////|
3|/111//111|
4|//////1X.|
5|//////111|
6|/////////|
7|/////////|
8|/////////|
9|/////////|
-|---------|
You stepped on a mine and failed!
?[1;31m
Start test 32?[0m
How many mines do you want on the field?
> 2
 |123456789|
-|---------|
1|.........|
2|.........|
3|.........|
4|.........|
5|.........|
6|.........|
7|.........|
8|.........|
9|.........|
-|---------|
Set/unset mine marks or claim a cell as free:
> 5 8 mine
 |123456789|
-|---------|
1|.........|
2|.........|
3|.........|
4|.........|
5|.........|
6|.........|
7|.........|
8|....*....|
9|.........|
-|---------|
Set/unset mine marks or claim a cell as free:
> 4 1 free
 |123456789|
-|---------|
1|/////////|
2|/////////|
3|///111///|
4|///1.1///|
5|///111///|
6|/////////|
7|////111//|
8|////1.1//|
9|////1.1//|
-|---------|
Set/unset mine marks or claim a cell as free:
> 5 4 free
 |123456789|
-|---------|
1|/////////|
2|/////////|
3|///111///|
4|///1X1///|
5|///111///|
6|/////////|
7|////111//|
8|////1X1//|
9|////1.1//|
-|---------|
You stepped on a mine and failed!
?[1;31m
Start test 33?[0m
How many mines do you want on the field?
> 2
 |123456789|
-|---------|
1|.........|
2|.........|
3|.........|
4|.........|
5|.........|
6|.........|
7|.........|
8|.........|
9|.........|
-|---------|
Set/unset mine marks or claim a cell as free:
> 9 1 free
 |123456789|
-|---------|
1|//1.1////|
2|//1.1////|
3|//111////|
4|/////////|
5|//111////|
6|//1.1////|
7|//111////|
8|/////////|
9|/////////|
-|---------|
Set/unset mine marks or claim a cell as free:
> 4 2 free
 |123456789|
-|---------|
1|//1.1////|
2|//1X1////|
3|//111////|
4|/////////|
5|//111////|
6|//1X1////|
7|//111////|
8|/////////|
9|/////////|
-|---------|
You stepped on a mine and failed!
?[1;31m
Start test 34?[0m
How many mines do you want on the field?
> 2
 |123456789|
-|---------|
1|.........|
2|.........|
3|.........|
4|.........|
5|.........|
6|.........|
7|.........|
8|.........|
9|.........|
-|---------|
Set/unset mine marks or claim a cell as free:
> 8 2 free
 |123456789|
-|---------|
1|/////////|
2|/////////|
3|/////////|
4|/////////|
5|/////////|
6|111//////|
7|..1///111|
8|111///1..|
9|//////1..|
-|---------|
Set/unset mine marks or claim a cell as free:
> 9 8 free
 |123456789|
-|---------|
1|/////////|
2|/////////|
3|/////////|
4|/////////|
5|/////////|
6|111//////|
7|..1///111|
8|111///1.1|
9|//////1..|
-|---------|
Set/unset mine marks or claim a cell as free:
> 9 9 free
 |123456789|
-|---------|
1|/////////|
2|/////////|
3|/////////|
4|/////////|
5|/////////|
6|111//////|
7|..1///111|
8|111///1.1|
9|//////1.1|
-|---------|
Set/unset mine marks or claim a cell as free:
> 8 8 mine
 |123456789|
-|---------|
1|/////////|
2|/////////|
3|/////////|
4|/////////|
5|/////////|
6|111//////|
7|..1///111|
8|111///1*1|
9|//////1.1|
-|---------|
Set/unset mine marks or claim a cell as free:
> 8 8 mine
 |123456789|
-|---------|
1|/////////|
2|/////////|
3|/////////|
4|/////////|
5|/////////|
6|111//////|
7|..1///111|
8|111///1.1|
9|//////1.1|
-|---------|
Set/unset mine marks or claim a cell as free:
> 2 7 free
 |123456789|
-|---------|
1|/////////|
2|/////////|
3|/////////|
4|/////////|
5|/////////|
6|111//////|
7|.X1///111|
8|111///1X1|
9|//////1.1|
-|---------|
You stepped on a mine and failed!
?[1;31m
Start test 35?[0m
How many mines do you want on the field?
> 2
 |123456789|
-|---------|
1|.........|
2|.........|
3|.........|
4|.........|
5|.........|
6|.........|
7|.........|
8|.........|
9|.........|
-|---------|
Set/unset mine marks or claim a cell as free:
> 4 7 free
 |123456789|
-|---------|
1|/////////|
2|/////////|
3|11///////|
4|.1///////|
5|11///////|
6|/////////|
7|/////////|
8|/////111/|
9|/////1.1/|
-|---------|
Congratulations! You found all the mines.
?[1;31m
Start test 36?[0m
How many mines do you want on the field?
> 2
 |123456789|
-|---------|
1|.........|
2|.........|
3|.........|
4|.........|
5|.........|
6|.........|
7|.........|
8|.........|
9|.........|
-|---------|
Set/unset mine marks or claim a cell as free:
> 5 6 free
 |123456789|
-|---------|
1|/////////|
2|////111//|
3|////1.1//|
4|////111//|
5|/////////|
6|/////////|
7|/////////|
8|111//////|
9|..1//////|
-|---------|
Set/unset mine marks or claim a cell as free:
> 2 9 free
 |123456789|
-|---------|
1|/////////|
2|////111//|
3|////1X1//|
4|////111//|
5|/////////|
6|/////////|
7|/////////|
8|111//////|
9|.X1//////|
-|---------|
You stepped on a mine and failed!
?[1;31m
Start test 37?[0m
How many mines do you want on the field?
> 2
 |123456789|
-|---------|
1|.........|
2|.........|
3|.........|
4|.........|
5|.........|
6|.........|
7|.........|
8|.........|
9|.........|
-|---------|
Set/unset mine marks or claim a cell as free:
> 2 8 free
 |123456789|
-|---------|
1|.........|
2|.........|
3|.........|
4|.........|
5|.........|
6|.........|
7|.........|
8|.1.......|
9|.........|
-|---------|
Set/unset mine marks or claim a cell as free:
> 7 4 mine
 |123456789|
-|---------|
1|.........|
2|.........|
3|.........|
4|......*..|
5|.........|
6|.........|
7|.........|
8|.1.......|
9|.........|
-|---------|
Set/unset mine marks or claim a cell as free:
> 7 4 mine
 |123456789|
-|---------|
1|.........|
2|.........|
3|.........|
4|.........|
5|.........|
6|.........|
7|.........|
8|.1.......|
9|.........|
-|---------|
Set/unset mine marks or claim a cell as free:
> 7 5 free
 |123456789|
-|---------|
1|//////1..|
2|//////111|
3|/////////|
4|/////////|
5|/////////|
6|/////////|
7|/////////|
8|/111/////|
9|/1.1/////|
-|---------|
Set/unset mine marks or claim a cell as free:
> 8 1 mine
 |123456789|
-|---------|
1|//////1*.|
2|//////111|
3|/////////|
4|/////////|
5|/////////|
6|/////////|
7|/////////|
8|/111/////|
9|/1.1/////|
-|---------|
Set/unset mine marks or claim a cell as free:
> 8 1 mine
 |123456789|
-|---------|
1|//////1..|
2|//////111|
3|/////////|
4|/////////|
5|/////////|
6|/////////|
7|/////////|
8|/111/////|
9|/1.1/////|
-|---------|
Set/unset mine marks or claim a cell as free:
> 8 1 free
 |123456789|
-|---------|
1|//////1X.|
2|//////111|
3|/////////|
4|/////////|
5|/////////|
6|/////////|
7|/////////|
8|/111/////|
9|/1X1/////|
-|---------|
You stepped on a mine and failed!
?[1;31m
Start test 38?[0m
How many mines do you want on the field?
> 2
 |123456789|
-|---------|
1|.........|
2|.........|
3|.........|
4|.........|
5|.........|
6|.........|
7|.........|
8|.........|
9|.........|
-|---------|
Set/unset mine marks or claim a cell as free:
> 6 4 free
 |123456789|
-|---------|
1|.........|
2|.........|
3|.........|
4|.....1...|
5|.........|
6|.........|
7|.........|
8|.........|
9|.........|
-|---------|
Set/unset mine marks or claim a cell as free:
> 5 5 free
 |123456789|
-|---------|
1|.........|
2|....X....|
3|.........|
4|.....1...|
5|....X....|
6|.........|
7|.........|
8|.........|
9|.........|
-|---------|
You stepped on a mine and failed!
?[1;31m
Start test 39?[0m
How many mines do you want on the field?
> 2
 |123456789|
-|---------|
1|.........|
2|.........|
3|.........|
4|.........|
5|.........|
6|.........|
7|.........|
8|.........|
9|.........|
-|---------|
Set/unset mine marks or claim a cell as free:
> 6 5 mine
 |123456789|
-|---------|
1|.........|
2|.........|
3|.........|
4|.........|
5|.....*...|
6|.........|
7|.........|
8|.........|
9|.........|
-|---------|
Set/unset mine marks or claim a cell as free:
> 6 9 mine
 |123456789|
-|---------|
1|.........|
2|.........|
3|.........|
4|.........|
5|.....*...|
6|.........|
7|.........|
8|.........|
9|.....*...|
-|---------|
Set/unset mine marks or claim a cell as free:
> 2 9 free
 |123456789|
-|---------|
1|/////////|
2|//111////|
3|//1.1////|
4|//111////|
5|/////////|
6|/////////|
7|//////111|
8|//////1..|
9|//////1..|
-|---------|
Set/unset mine marks or claim a cell as free:
> 9 8 free
 |123456789|
-|---------|
1|/////////|
2|//111////|
3|//1.1////|
4|//111////|
5|/////////|
6|/////////|
7|//////111|
8|//////1.1|
9|//////1..|
-|---------|
Set/unset mine marks or claim a cell as free:
> 9 9 free
 |123456789|
-|---------|
1|/////////|
2|//111////|
3|//1.1////|
4|//111////|
5|/////////|
6|/////////|
7|//////111|
8|//////1.1|
9|//////1.1|
-|---------|
Set/unset mine marks or claim a cell as free:
> 8 8 mine
 |123456789|
-|---------|
1|/////////|
2|//111////|
3|//1.1////|
4|//111////|
5|/////////|
6|/////////|
7|//////111|
8|//////1*1|
9|//////1.1|
-|---------|
Set/unset mine marks or claim a cell as free:
> 8 8 mine
 |123456789|
-|---------|
1|/////////|
2|//111////|
3|//1.1////|
4|//111////|
5|/////////|
6|/////////|
7|//////111|
8|//////1.1|
9|//////1.1|
-|---------|
Set/unset mine marks or claim a cell as free:
> 8 9 free
 |123456789|
-|---------|
1|/////////|
2|//111////|
3|//1.1////|
4|//111////|
5|/////////|
6|/////////|
7|//////111|
8|//////1.1|
9|//////111|
-|---------|
Congratulations! You found all the mines.
?[1;31m
Start test 40?[0m
How many mines do you want on the field?
> 2
 |123456789|
-|---------|
1|.........|
2|.........|
3|.........|
4|.........|
5|.........|
6|.........|
7|.........|
8|.........|
9|.........|
-|---------|
Set/unset mine marks or claim a cell as free:
> 9 3 free
 |123456789|
-|---------|
1|/////////|
2|/////////|
3|/////////|
4|/////////|
5|/////////|
6|11//111//|
7|.1//1.1//|
8|11//111//|
9|/////////|
-|---------|
Congratulations! You found all the mines.
?[1;31m
Start test 41?[0m
How many mines do you want on the field?
> 3
 |123456789|
-|---------|
1|.........|
2|.........|
3|.........|
4|.........|
5|.........|
6|.........|
7|.........|
8|.........|
9|.........|
-|---------|
Set/unset mine marks or claim a cell as free:
> 3 2 free
 |123456789|
-|---------|
1|/////////|
2|///111///|
3|///1.1///|
4|11/111///|
5|.1///////|
6|11///////|
7|///111///|
8|///1.1///|
9|///1.1///|
-|---------|
Set/unset mine marks or claim a cell as free:
> 5 9 free
 |123456789|
-|---------|
1|/////////|
2|///111///|
3|///1.1///|
4|11/111///|
5|.1///////|
6|11///////|
7|///111///|
8|///1.1///|
9|///111///|
-|---------|
Congratulations! You found all the mines.
?[1;31m
Start test 42?[0m
How many mines do you want on the field?
> 3
 |123456789|
-|---------|
1|.........|
2|.........|
3|.........|
4|.........|
5|.........|
6|.........|
7|.........|
8|.........|
9|.........|
-|---------|
Set/unset mine marks or claim a cell as free:
> 1 3 free
 |123456789|
-|---------|
1|/////////|
2|/////////|
3|///////11|
4|///////1.|
5|///111/11|
6|///1.1///|
7|///111///|
8|////111//|
9|////1.1//|
-|---------|
Congratulations! You found all the mines.
?[1;31m
Start test 43?[0m
How many mines do you want on the field?
> 3
 |123456789|
-|---------|
1|.........|
2|.........|
3|.........|
4|.........|
5|.........|
6|.........|
7|.........|
8|.........|
9|.........|
-|---------|
Set/unset mine marks or claim a cell as free:
> 5 2 free
 |123456789|
-|---------|
1|/////////|
2|111//////|
3|..1//////|
4|..2//////|
5|..1//////|
6|111//////|
7|///111///|
8|///1.1///|
9|///1.1///|
-|---------|
Set/unset mine marks or claim a cell as free:
> 2 4 free
 |123456789|
-|---------|
1|/////////|
2|111//////|
3|..1//////|
4|.22//////|
5|..1//////|
6|111//////|
7|///111///|
8|///1.1///|
9|///1.1///|
-|---------|
Set/unset mine marks or claim a cell as free:
> 1 5 free
 |123456789|
-|---------|
1|/////////|
2|111//////|
3|..1//////|
4|.22//////|
5|1.1//////|
6|111//////|
7|///111///|
8|///1.1///|
9|///1.1///|
-|---------|
Set/unset mine marks or claim a cell as free:
> 2 5 mine
 |123456789|
-|---------|
1|/////////|
2|111//////|
3|..1//////|
4|.22//////|
5|1*1//////|
6|111//////|
7|///111///|
8|///1.1///|
9|///1.1///|
-|---------|
Set/unset mine marks or claim a cell as free:
> 5 8 free
 |123456789|
-|---------|
1|/////////|
2|111//////|
3|.X1//////|
4|.22//////|
5|1X1//////|
6|111//////|
7|///111///|
8|///1X1///|
9|///1.1///|
-|---------|
You stepped on a mine and failed!
?[1;31m
Start test 44?[0m
How many mines do you want on the field?
> 3
 |123456789|
-|---------|
1|.........|
2|.........|
3|.........|
4|.........|
5|.........|
6|.........|
7|.........|
8|.........|
9|.........|
-|---------|
Set/unset mine marks or claim a cell as free:
> 1 9 free
 |123456789|
-|---------|
1|////1.1//|
2|//112.1//|
3|//1.211//|
4|//111////|
5|///////11|
6|///////1.|
7|///////11|
8|/////////|
9|/////////|
-|---------|
Set/unset mine marks or claim a cell as free:
> 9 6 free
 |123456789|
-|---------|
1|////1.1//|
2|//112X1//|
3|//1X211//|
4|//111////|
5|///////11|
6|///////1X|
7|///////11|
8|/////////|
9|/////////|
-|---------|
You stepped on a mine and failed!
?[1;31m
Start test 45?[0m
How many mines do you want on the field?
> 3
 |123456789|
-|---------|
1|.........|
2|.........|
3|.........|
4|.........|
5|.........|
6|.........|
7|.........|
8|.........|
9|.........|
-|---------|
Set/unset mine marks or claim a cell as free:
> 4 5 free
 |123456789|
-|---------|
1|///////1.|
2|///////11|
3|/////////|
4|/////////|
5|/////111/|
6|111//1.1/|
7|..1//111/|
8|111//////|
9|/////////|
-|---------|
Set/unset mine marks or claim a cell as free:
> 1 7 free
 |123456789|
-|---------|
1|///////1.|
2|///////11|
3|/////////|
4|/////////|
5|/////111/|
6|111//1.1/|
7|1.1//111/|
8|111//////|
9|/////////|
-|---------|
Congratulations! You found all the mines.
?[1;31m
Start test 46?[0m
How many mines do you want on the field?
> 3
 |123456789|
-|---------|
1|.........|
2|.........|
3|.........|
4|.........|
5|.........|
6|.........|
7|.........|
8|.........|
9|.........|
-|---------|
Set/unset mine marks or claim a cell as free:
> 9 3 mine
 |123456789|
-|---------|
1|.........|
2|.........|
3|........*|
4|.........|
5|.........|
6|.........|
7|.........|
8|.........|
9|.........|
-|---------|
Set/unset mine marks or claim a cell as free:
> 8 5 mine
 |123456789|
-|---------|
1|.........|
2|.........|
3|........*|
4|.........|
5|.......*.|
6|.........|
7|.........|
8|.........|
9|.........|
-|---------|
Set/unset mine marks or claim a cell as free:
> 3 1 free
 |123456789|
-|---------|
1|/////////|
2|/////////|
3|/111/////|
4|/1.1/111/|
5|/111/1.1/|
6|/////111/|
7|/////////|
8|////111//|
9|////1.1//|
-|---------|
Congratulations! You found all the mines.
?[1;31m
Start test 47?[0m
How many mines do you want on the field?
> 3
 |123456789|
-|---------|
1|.........|
2|.........|
3|.........|
4|.........|
5|.........|
6|.........|
7|.........|
8|.........|
9|.........|
-|---------|
Set/unset mine marks or claim a cell as free:
> 5 1 free
 |123456789|
-|---------|
1|....1....|
2|.........|
3|.........|
4|.........|
5|.........|
6|.........|
7|.........|
8|.........|
9|.........|
-|---------|
Set/unset mine marks or claim a cell as free:
> 5 3 mine
 |123456789|
-|---------|
1|....1....|
2|.........|
3|....*....|
4|.........|
5|.........|
6|.........|
7|.........|
8|.........|
9|.........|
-|---------|
Set/unset mine marks or claim a cell as free:
> 2 3 free
 |123456789|
-|---------|
1|....1....|
2|.........|
3|.1..*....|
4|.........|
5|.........|
6|.........|
7|.........|
8|.........|
9|.........|
-|---------|
Set/unset mine marks or claim a cell as free:
> 6 4 mine
 |123456789|
-|---------|
1|....1....|
2|.........|
3|.1..*....|
4|.....*...|
5|.........|
6|.........|
7|.........|
8|.........|
9|.........|
-|---------|
Set/unset mine marks or claim a cell as free:
> 6 4 mine
 |123456789|
-|---------|
1|....1....|
2|.........|
3|.1..*....|
4|.........|
5|.........|
6|.........|
7|.........|
8|.........|
9|.........|
-|---------|
Set/unset mine marks or claim a cell as free:
> 8 4 free
 |123456789|
-|---------|
1|....1....|
2|.........|
3|.1..*....|
4|.......1.|
5|.........|
6|.........|
7|.........|
8|.........|
9|.........|
-|---------|
Set/unset mine marks or claim a cell as free:
> 2 8 free
 |123456789|
-|---------|
1|////1.1//|
2|/111111//|
3|/1.1/////|
4|/111///11|
5|///////1.|
6|///////11|
7|/////////|
8|/////////|
9|/////////|
-|---------|
Congratulations! You found all the mines.
?[1;31m
Start test 48?[0m
How many mines do you want on the field?
> 3
 |123456789|
-|---------|
1|.........|
2|.........|
3|.........|
4|.........|
5|.........|
6|.........|
7|.........|
8|.........|
9|.........|
-|---------|
Set/unset mine marks or claim a cell as free:
> 4 8 free
 |123456789|
-|---------|
1|/1.1/1.1/|
2|/1.1/1.1/|
3|/111/1.1/|
4|/////1.1/|
5|/////111/|
6|/////////|
7|/////////|
8|/////////|
9|/////////|
-|---------|
Set/unset mine marks or claim a cell as free:
> 3 1 free
 |123456789|
-|---------|
1|/111/1.1/|
2|/1.1/1.1/|
3|/111/1.1/|
4|/////1.1/|
5|/////111/|
6|/////////|
7|/////////|
8|/////////|
9|/////////|
-|---------|
Set/unset mine marks or claim a cell as free:
> 7 2 mine
 |123456789|
-|---------|
1|/111/1.1/|
2|/1.1/1*1/|
3|/111/1.1/|
4|/////1.1/|
5|/////111/|
6|/////////|
7|/////////|
8|/////////|
9|/////////|
-|---------|
Set/unset mine marks or claim a cell as free:
> 3 2 free
 |123456789|
-|---------|
1|/111/1X1/|
2|/1X1/1*1/|
3|/111/1.1/|
4|/////1X1/|
5|/////111/|
6|/////////|
7|/////////|
8|/////////|
9|/////////|
-|---------|
You stepped on a mine and failed!
?[1;31m
Start test 49?[0m
How many mines do you want on the field?
> 3
 |123456789|
-|---------|
1|.........|
2|.........|
3|.........|
4|.........|
5|.........|
6|.........|
7|.........|
8|.........|
9|.........|
-|---------|
Set/unset mine marks or claim a cell as free:
> 8 8 mine
 |123456789|
-|---------|
1|.........|
2|.........|
3|.........|
4|.........|
5|.........|
6|.........|
7|.........|
8|.......*.|
9|.........|
-|---------|
Set/unset mine marks or claim a cell as free:
> 6 5 mine
 |123456789|
-|---------|
1|.........|
2|.........|
3|.........|
4|.........|
5|.....*...|
6|.........|
7|.........|
8|.......*.|
9|.........|
-|---------|
Set/unset mine marks or claim a cell as free:
> 9 3 mine
 |123456789|
-|---------|
1|.........|
2|.........|
3|........*|
4|.........|
5|.....*...|
6|.........|
7|.........|
8|.......*.|
9|.........|
-|---------|
Set/unset mine marks or claim a cell as free:
> 8 5 free
 |123456789|
-|---------|
1|/////////|
2|111//////|
3|..21/////|
4|12.1/////|
5|/111/////|
6|/////////|
7|/////111/|
8|/////1.1/|
9|/////1.1/|
-|---------|
Set/unset mine marks or claim a cell as free:
> 3 4 free
 |123456789|
-|---------|
1|/////////|
2|111//////|
3|.X21/////|
4|12X1/////|
5|/111/////|
6|/////////|
7|/////111/|
8|/////1X1/|
9|/////1.1/|
-|---------|
You stepped on a mine and failed!
?[1;31m
Start test 50?[0m
How many mines do you want on the field?
> 3
 |123456789|
-|---------|
1|.........|
2|.........|
3|.........|
4|.........|
5|.........|
6|.........|
7|.........|
8|.........|
9|.........|
-|---------|
Set/unset mine marks or claim a cell as free:
> 3 8 free
 |123456789|
-|---------|
1|.1///1.1/|
2|.1///1.1/|
3|11///1.1/|
4|/////1.1/|
5|/////111/|
6|/////////|
7|/////////|
8|/////////|
9|/////////|
-|---------|
Set/unset mine marks or claim a cell as free:
> 7 2 mine
 |123456789|
-|---------|
1|.1///1.1/|
2|.1///1*1/|
3|11///1.1/|
4|/////1.1/|
5|/////111/|
6|/////////|
7|/////////|
8|/////////|
9|/////////|
-|---------|
Set/unset mine marks or claim a cell as free:
> 7 1 free
 |123456789|
-|---------|
1|.1///1X1/|
2|X1///1*1/|
3|11///1.1/|
4|/////1X1/|
5|/////111/|
6|/////////|
7|/////////|
8|/////////|
9|/////////|
-|---------|
You stepped on a mine and failed!
?[1;31m
Start test 51?[0m
How many mines do you want on the field?
> 3
 |123456789|
-|---------|
1|.........|
2|.........|
3|.........|
4|.........|
5|.........|
6|.........|
7|.........|
8|.........|
9|.........|
-|---------|
Set/unset mine marks or claim a cell as free:
> 3 1 mine
 |123456789|
-|---------|
1|..*......|
2|.........|
3|.........|
4|.........|
5|.........|
6|.........|
7|.........|
8|.........|
9|.........|
-|---------|
Set/unset mine marks or claim a cell as free:
> 4 3 free
 |123456789|
-|---------|
1|/////////|
2|/////////|
3|/////////|
4|111//////|
5|..1111///|
6|1111.1///|
7|///111/11|
8|///////1.|
9|///////1.|
-|---------|
Set/unset mine marks or claim a cell as free:
> 5 6 free
 |123456789|
-|---------|
1|/////////|
2|/////////|
3|/////////|
4|111//////|
5|.X1111///|
6|1111X1///|
7|///111/11|
8|///////1X|
9|///////1.|
-|---------|
You stepped on a mine and failed!
?[1;31m
Start test 52?[0m
How many mines do you want on the field?
> 3
 |123456789|
-|---------|
1|.........|
2|.........|
3|.........|
4|.........|
5|.........|
6|.........|
7|.........|
8|.........|
9|.........|
-|---------|
Set/unset mine marks or claim a cell as free:
> 6 9 free
 |123456789|
-|---------|
1|/////////|
2|/////////|
3|/////////|
4|/////////|
5|/////////|
6|11///////|
7|.1///////|
8|.1111/111|
9|....1/1..|
-|---------|
Set/unset mine marks or claim a cell as free:
> 8 9 free
 |123456789|
-|---------|
1|/////////|
2|/////////|
3|/////////|
4|/////////|
5|/////////|
6|11///////|
7|X1///////|
8|.1111/111|
9|...X1/1X.|
-|---------|
You stepped on a mine and failed!
?[1;31m
Start test 53?[0m
How many mines do you want on the field?
> 3
 |123456789|
-|---------|
1|.........|
2|.........|
3|.........|
4|.........|
5|.........|
6|.........|
7|.........|
8|.........|
9|.........|
-|---------|
Set/unset mine marks or claim a cell as free:
> 9 3 free
 |123456789|
-|---------|
1|///1.1///|
2|///1.1///|
3|//1221///|
4|//1.1////|
5|//111////|
6|/////////|
7|////111//|
8|////1.1//|
9|////1.1//|
-|---------|
Set/unset mine marks or claim a cell as free:
> 5 1 mine
 |123456789|
-|---------|
1|///1*1///|
2|///1.1///|
3|//1221///|
4|//1.1////|
5|//111////|
6|/////////|
7|////111//|
8|////1.1//|
9|////1.1//|
-|---------|
Set/unset mine marks or claim a cell as free:
> 6 8 free
 |123456789|
-|---------|
1|///1*1///|
2|///1X1///|
3|//1221///|
4|//1X1////|
5|//111////|
6|/////////|
7|////111//|
8|////1X1//|
9|////1.1//|
-|---------|
You stepped on a mine and failed!
?[1;31m
Start test 54?[0m
How many mines do you want on the field?
> 3
 |123456789|
-|---------|
1|.........|
2|.........|
3|.........|
4|.........|
5|.........|
6|.........|
7|.........|
8|.........|
9|.........|
-|---------|
Set/unset mine marks or claim a cell as free:
> 9 4 mine
 |123456789|
-|---------|
1|.........|
2|.........|
3|.........|
4|........*|
5|.........|
6|.........|
7|.........|
8|.........|
9|.........|
-|---------|
Set/unset mine marks or claim a cell as free:
> 9 4 mine
 |123456789|
-|---------|
1|.........|
2|.........|
3|.........|
4|.........|
5|.........|
6|.........|
7|.........|
8|.........|
9|.........|
-|---------|
Congratulations! You found all the mines.
?[1;31m
Start test 55?[0m
How many mines do you want on the field?
> 3
 |123456789|
-|---------|
1|.........|
2|.........|
3|.........|
4|.........|
5|.........|
6|.........|
7|.........|
8|.........|
9|.........|
-|---------|
Set/unset mine marks or claim a cell as free:
> 1 6 free
 |123456789|
-|---------|
1|.........|
2|.........|
3|.........|
4|.........|
5|.........|
6|1........|
7|.........|
8|.........|
9|.........|
-|---------|
Set/unset mine marks or claim a cell as free:
> 4 5 free
 |123456789|
-|---------|
1|/////////|
2|/////////|
3|//////111|
4|11////1..|
5|.1////1..|
6|11////1..|
7|//////1..|
8|//////111|
9|/////////|
-|---------|
Set/unset mine marks or claim a cell as free:
> 8 6 free
 |123456789|
-|---------|
1|/////////|
2|/////////|
3|//////111|
4|11////1..|
5|.1////1..|
6|11////11.|
7|//////1..|
8|//////111|
9|/////////|
-|---------|
Set/unset mine marks or claim a cell as free:
> 8 5 mine
 |123456789|
-|---------|
1|/////////|
2|/////////|
3|//////111|
4|11////1..|
5|.1////1*.|
6|11////11.|
7|//////1..|
8|//////111|
9|/////////|
-|---------|
Set/unset mine marks or claim a cell as free:
> 8 7 free
 |123456789|
-|---------|
1|/////////|
2|/////////|
3|//////111|
4|11////1X.|
5|X1////1*.|
6|11////11.|
7|//////1X.|
8|//////111|
9|/////////|
-|---------|
You stepped on a mine and failed!
?[1;31m
Start test 56?[0m
How many mines do you want on the field?
> 3
 |123456789|
-|---------|
1|.........|
2|.........|
3|.........|
4|.........|
5|.........|
6|.........|
7|.........|
8|.........|
9|.........|
-|---------|
Set/unset mine marks or claim a cell as free:
> 4 5 mine
 |123456789|
-|---------|
1|.........|
2|.........|
3|.........|
4|.........|
5|...*.....|
6|.........|
7|.........|
8|.........|
9|.........|
-|---------|
Set/unset mine marks or claim a cell as free:
> 4 5 mine
 |123456789|
-|---------|
1|.........|
2|.........|
3|.........|
4|.........|
5|.........|
6|.........|
7|.........|
8|.........|
9|.........|
-|---------|
Congratulations! You found all the mines.
?[1;31m
Start test 57?[0m
How many mines do you want on the field?
> 3
 |123456789|
-|---------|
1|.........|
2|.........|
3|.........|
4|.........|
5|.........|
6|.........|
7|.........|
8|.........|
9|.........|
-|---------|
Set/unset mine marks or claim a cell as free:
> 6 3 free
 |123456789|
-|---------|
1|/////////|
2|/////////|
3|/////////|
4|/////////|
5|11///111/|
6|.1///1.1/|
7|11///111/|
8|///111///|
9|///1.1///|
-|---------|
Congratulations! You found all the mines.
?[1;31m
Start test 58?[0m
How many mines do you want on the field?
> 3
 |123456789|
-|---------|
1|.........|
2|.........|
3|.........|
4|.........|
5|.........|
6|.........|
7|.........|
8|.........|
9|.........|
-|---------|
Set/unset mine marks or claim a cell as free:
> 1 6 free
 |123456789|
-|---------|
1|..1///1..|
2|111///1..|
3|//////111|
4|/////////|
5|/////////|
6|/////////|
7|11///////|
8|.1///////|
9|.1///////|
-|---------|
Set/unset mine marks or claim a cell as free:
> 8 1 mine
 |123456789|
-|---------|
1|..1///1*.|
2|111///1..|
3|//////111|
4|/////////|
5|/////////|
6|/////////|
7|11///////|
8|.1///////|
9|.1///////|
-|---------|
Set/unset mine marks or claim a cell as free:
> 8 1 mine
 |123456789|
-|---------|
1|..1///1..|
2|111///1..|
3|//////111|
4|/////////|
5|/////////|
6|/////////|
7|11///////|
8|.1///////|
9|.1///////|
-|---------|
Set/unset mine marks or claim a cell as free:
> 1 8 mine
 |123456789|
-|---------|
1|..1///1..|
2|111///1..|
3|//////111|
4|/////////|
5|/////////|
6|/////////|
7|11///////|
8|*1///////|
9|.1///////|
-|---------|
Set/unset mine marks or claim a cell as free:
> 1 1 mine
 |123456789|
-|---------|
1|*.1///1..|
2|111///1..|
3|//////111|
4|/////////|
5|/////////|
6|/////////|
7|11///////|
8|*1///////|
9|.1///////|
-|---------|
Set/unset mine marks or claim a cell as free:
> 8 2 free
 |123456789|
-|---------|
1|*X1///1..|
2|111///1X.|
3|//////111|
4|/////////|
5|/////////|
6|/////////|
7|11///////|
8|X1///////|
9|.1///////|
-|---------|
You stepped on a mine and failed!
?[1;31m
Start test 59?[0m
How many mines do you want on the field?
> 3
 |123456789|
-|---------|
1|.........|
2|.........|
3|.........|
4|.........|
5|.........|
6|.........|
7|.........|
8|.........|
9|.........|
-|---------|
Set/unset mine marks or claim a cell as free:
> 8 3 free
 |123456789|
-|---------|
1|//1.1////|
2|//2.2////|
3|//2.2////|
4|//111////|
5|/////////|
6|/////111/|
7|/////1.1/|
8|/////111/|
9|/////////|
-|---------|
Set/unset mine marks or claim a cell as free:
> 4 3 free
 |123456789|
-|---------|
1|//1.1////|
2|//2X2////|
3|//2X2////|
4|//111////|
5|/////////|
6|/////111/|
7|/////1X1/|
8|/////111/|
9|/////////|
-|---------|
You stepped on a mine and failed!
?[1;31m
Start test 60?[0m
How many mines do you want on the field?
> 3
 |123456789|
-|---------|
1|.........|
2|.........|
3|.........|
4|.........|
5|.........|
6|.........|
7|.........|
8|.........|
9|.........|
-|---------|
Set/unset mine marks or claim a cell as free:
> 6 2 free
 |123456789|
-|---------|
1|.........|
2|.....1...|
3|.........|
4|.........|
5|.........|
6|.........|
7|.........|
8|.........|
9|.........|
-|---------|
Set/unset mine marks or claim a cell as free:
> 8 7 mine
 |123456789|
-|---------|
1|.........|
2|.....1...|
3|.........|
4|.........|
5|.........|
6|.........|
7|.......*.|
8|.........|
9|.........|
-|---------|
Set/unset mine marks or claim a cell as free:
> 8 7 mine
 |123456789|
-|---------|
1|.........|
2|.....1...|
3|.........|
4|.........|
5|.........|
6|.........|
7|.........|
8|.........|
9|.........|
-|---------|
Set/unset mine marks or claim a cell as free:
> 1 3 mine
 |123456789|
-|---------|
1|.........|
2|.....1...|
3|*........|
4|.........|
5|.........|
6|.........|
7|.........|
8|.........|
9|.........|
-|---------|
Set/unset mine marks or claim a cell as free:
> 1 3 mine
 |123456789|
-|---------|
1|.........|
2|.....1...|
3|.........|
4|.........|
5|.........|
6|.........|
7|.........|
8|.........|
9|.........|
-|---------|
Set/unset mine marks or claim a cell as free:
> 2 9 free
 |123456789|
-|---------|
1|//1....1/|
2|//111111/|
3|/////////|
4|/////////|
5|/////////|
6|/////////|
7|/////////|
8|//////111|
9|//////1..|
-|---------|
Set/unset mine marks or claim a cell as free:
> 6 1 free
 |123456789|
-|---------|
1|//1..1.1/|
2|//111111/|
3|/////////|
4|/////////|
5|/////////|
6|/////////|
7|/////////|
8|//////111|
9|//////1..|
-|---------|
Set/unset mine marks or claim a cell as free:
> 9 9 free
 |123456789|
-|---------|
1|//1..1.1/|
2|//111111/|
3|/////////|
4|/////////|
5|/////////|
6|/////////|
7|/////////|
8|//////111|
9|//////1.1|
-|---------|
Set/unset mine marks or claim a cell as free:
> 7 1 free
 |123456789|
-|---------|
1|//1X.1X1/|
2|//111111/|
3|/////////|
4|/////////|
5|/////////|
6|/////////|
7|/////////|
8|//////111|
9|//////1X1|
-|---------|
You stepped on a mine and failed!
?[1;31m
Start test 61?[0m
How many mines do you want on the field?
> 4
 |123456789|
-|---------|
1|.........|
2|.........|
3|.........|
4|.........|
5|.........|
6|.........|
7|.........|
8|.........|
9|.........|
-|---------|
Set/unset mine marks or claim a cell as free:
> 2 6 mine
 |123456789|
-|---------|
1|.........|
2|.........|
3|.........|
4|.........|
5|.........|
6|.*.......|
7|.........|
8|.........|
9|.........|
-|---------|
Set/unset mine marks or claim a cell as free:
> 5 7 mine
 |123456789|
-|---------|
1|.........|
2|.........|
3|.........|
4|.........|
5|.........|
6|.*.......|
7|....*....|
8|.........|
9|.........|
-|---------|
Set/unset mine marks or claim a cell as free:
> 8 2 free
 |123456789|
-|---------|
1|/////////|
2|/////////|
3|/////111/|
4|////12.1/|
5|////1.21/|
6|//11211//|
7|//1.1////|
8|/1221////|
9|/1.1/////|
-|---------|
Congratulations! You found all the mines.
?[1;31m
Start test 62?[0m
How many mines do you want on the field?
> 4
 |123456789|
-|---------|
1|.........|
2|.........|
3|.........|
4|.........|
5|.........|
6|.........|
7|.........|
8|.........|
9|.........|
-|---------|
Set/unset mine marks or claim a cell as free:
> 2 8 free
 |123456789|
-|---------|
1|.........|
2|.........|
3|.........|
4|.........|
5|.........|
6|.........|
7|.........|
8|.1.......|
9|.........|
-|---------|
Set/unset mine marks or claim a cell as free:
> 6 4 mine
 |123456789|
-|---------|
1|.........|
2|.........|
3|.........|
4|.....*...|
5|.........|
6|.........|
7|.........|
8|.1.......|
9|.........|
-|---------|
Set/unset mine marks or claim a cell as free:
> 9 5 free
 |123456789|
-|---------|
1|..1//////|
2|..1111///|
3|1111.1///|
4|///111///|
5|/////////|
6|/////////|
7|11///////|
8|.1/111///|
9|.1/1.1///|
-|---------|
Set/unset mine marks or claim a cell as free:
> 2 1 mine
 |123456789|
-|---------|
1|.*1//////|
2|..1111///|
3|1111.1///|
4|///111///|
5|/////////|
6|/////////|
7|11///////|
8|.1/111///|
9|.1/1.1///|
-|---------|
Set/unset mine marks or claim a cell as free:
> 2 1 mine
 |123456789|
-|---------|
1|..1//////|
2|..1111///|
3|1111.1///|
4|///111///|
5|/////////|
6|/////////|
7|11///////|
8|.1/111///|
9|.1/1.1///|
-|---------|
Set/unset mine marks or claim a cell as free:
> 1 2 free
 |123456789|
-|---------|
1|..1//////|
2|1.1111///|
3|1111.1///|
4|///111///|
5|/////////|
6|/////////|
7|11///////|
8|.1/111///|
9|.1/1.1///|
-|---------|
Set/unset mine marks or claim a cell as free:
> 1 9 free
 |123456789|
-|---------|
1|..1//////|
2|1.1111///|
3|1111.1///|
4|///111///|
5|/////////|
6|/////////|
7|11///////|
8|.1/111///|
9|11/1.1///|
-|---------|
Set/unset mine marks or claim a cell as free:
> 5 3 free
 |123456789|
-|---------|
1|..1//////|
2|1X1111///|
3|1111X1///|
4|///111///|
5|/////////|
6|/////////|
7|11///////|
8|X1/111///|
9|11/1X1///|
-|---------|
You stepped on a mine and failed!
?[1;31m
Start test 63?[0m
How many mines do you want on the field?
> 4
 |123456789|
-|---------|
1|.........|
2|.........|
3|.........|
4|.........|
5|.........|
6|.........|
7|.........|
8|.........|
9|.........|
-|---------|
Set/unset mine marks or claim a cell as free:
> 6 1 free
 |123456789|
-|---------|
1|/////////|
2|/////////|
3|/////111/|
4|/////1.1/|
5|///113.2/|
6|///1...1/|
7|///11211/|
8|/111/////|
9|/1.1/////|
-|---------|
Set/unset mine marks or claim a cell as free:
> 7 5 free
 |123456789|
-|---------|
1|/////////|
2|/////////|
3|/////111/|
4|/////1.1/|
5|///11322/|
6|///1...1/|
7|///11211/|
8|/111/////|
9|/1.1/////|
-|---------|
Set/unset mine marks or claim a cell as free:
> 5 6 free
 |123456789|
-|---------|
1|/////////|
2|/////////|
3|/////111/|
4|/////1X1/|
5|///11322/|
6|///1X.X1/|
7|///11211/|
8|/111/////|
9|/1X1/////|
-|---------|
You stepped on a mine and failed!
?[1;31m
Start test 64?[0m
How many mines do you want on the field?
> 4
 |123456789|
-|---------|
1|.........|
2|.........|
3|.........|
4|.........|
5|.........|
6|.........|
7|.........|
8|.........|
9|.........|
-|---------|
Set/unset mine marks or claim a cell as free:
> 3 8 mine
 |123456789|
-|---------|
1|.........|
2|.........|
3|.........|
4|.........|
5|.........|
6|.........|
7|.........|
8|..*......|
9|.........|
-|---------|
Set/unset mine marks or claim a cell as free:
> 2 2 free
 |123456789|
-|---------|
1|///////1.|
2|///////1.|
3|///////11|
4|/////////|
5|1221/////|
6|...1/////|
7|.221/////|
8|.1///////|
9|.1///////|
-|---------|
Set/unset mine marks or claim a cell as free:
> 2 6 free
 |123456789|
-|---------|
1|///////1.|
2|///////1X|
3|///////11|
4|/////////|
5|1221/////|
6|.XX1/////|
7|.221/////|
8|.1///////|
9|X1///////|
-|---------|
You stepped on a mine and failed!
?[1;31m
Start test 65?[0m
How many mines do you want on the field?
> 4
 |123456789|
-|---------|
1|.........|
2|.........|
3|.........|
4|.........|
5|.........|
6|.........|
7|.........|
8|.........|
9|.........|
-|---------|
Set/unset mine marks or claim a cell as free:
> 9 7 free
 |123456789|
-|---------|
1|.....1///|
2|112..1///|
3|//12.1///|
4|///1.1///|
5|///111///|
6|/////////|
7|/////////|
8|/////////|
9|/////////|
-|---------|
Set/unset mine marks or claim a cell as free:
> 5 2 mine
 |123456789|
-|---------|
1|.....1///|
2|112.*1///|
3|//12.1///|
4|///1.1///|
5|///111///|
6|/////////|
7|/////////|
8|/////////|
9|/////////|
-|---------|
Set/unset mine marks or claim a cell as free:
> 3 1 mine
 |123456789|
-|---------|
1|..*..1///|
2|112.*1///|
3|//12.1///|
4|///1.1///|
5|///111///|
6|/////////|
7|/////////|
8|/////////|
9|/////////|
-|---------|
Set/unset mine marks or claim a cell as free:
> 5 1 mine
 |123456789|
-|---------|
1|..*.*1///|
2|112.*1///|
3|//12.1///|
4|///1.1///|
5|///111///|
6|/////////|
7|/////////|
8|/////////|
9|/////////|
-|---------|
Set/unset mine marks or claim a cell as free:
> 3 1 mine
 |123456789|
-|---------|
1|....*1///|
2|112.*1///|
3|//12.1///|
4|///1.1///|
5|///111///|
6|/////////|
7|/////////|
8|/////////|
9|/////////|
-|---------|
Set/unset mine marks or claim a cell as free:
> 4 2 free
 |123456789|
-|---------|
1|.X..X1///|
2|112X*1///|
3|//12.1///|
4|///1X1///|
5|///111///|
6|/////////|
7|/////////|
8|/////////|
9|/////////|
-|---------|
You stepped on a mine and failed!
?[1;31m
Start test 66?[0m
How many mines do you want on the field?
> 4
 |123456789|
-|---------|
1|.........|
2|.........|
3|.........|
4|.........|
5|.........|
6|.........|
7|.........|
8|.........|
9|.........|
-|---------|
Set/unset mine marks or claim a cell as free:
> 6 4 free
 |123456789|
-|---------|
1|.........|
2|.........|
3|.........|
4|.....1...|
5|.........|
6|.........|
7|.........|
8|.........|
9|.........|
-|---------|
Set/unset mine marks or claim a cell as free:
> 9 5 free
 |123456789|
-|---------|
1|/1.1/////|
2|/111/////|
3|/////////|
4|///111///|
5|///1.1///|
6|///111/11|
7|///////1.|
8|11/////11|
9|.1///////|
-|---------|
Congratulations! You found all the mines.
?[1;31m
Start test 67?[0m
How many mines do you want on the field?
> 4
 |123456789|
-|---------|
1|.........|
2|.........|
3|.........|
4|.........|
5|.........|
6|.........|
7|.........|
8|.........|
9|.........|
-|---------|
Set/unset mine marks or claim a cell as free:
> 3 8 free
 |123456789|
-|---------|
1|/////1.1/|
2|/////1.1/|
3|/////2.2/|
4|111//1.1/|
5|..1//111/|
6|111/111//|
7|////1.1//|
8|////111//|
9|/////////|
-|---------|
Set/unset mine marks or claim a cell as free:
> 7 4 free
 |123456789|
-|---------|
1|/////1.1/|
2|/////1X1/|
3|/////2.2/|
4|111//1X1/|
5|.X1//111/|
6|111/111//|
7|////1X1//|
8|////111//|
9|/////////|
-|---------|
You stepped on a mine and failed!
?[1;31m
Start test 68?[0m
How many mines do you want on the field?
> 4
 |123456789|
-|---------|
1|.........|
2|.........|
3|.........|
4|.........|
5|.........|
6|.........|
7|.........|
8|.........|
9|.........|
-|---------|
Set/unset mine marks or claim a cell as free:
> 4 5 free
 |123456789|
-|---------|
1|/////////|
2|////111//|
3|11//1.211|
4|.1//112..|
5|11////111|
6|/////////|
7|///////11|
8|///////1.|
9|///////1.|
-|---------|
Set/unset mine marks or claim a cell as free:
> 6 3 mine
 |123456789|
-|---------|
1|/////////|
2|////111//|
3|11//1*211|
4|.1//112..|
5|11////111|
6|/////////|
7|///////11|
8|///////1.|
9|///////1.|
-|---------|
Set/unset mine marks or claim a cell as free:
> 9 4 mine
 |123456789|
-|---------|
1|/////////|
2|////111//|
3|11//1*211|
4|.1//112.*|
5|11////111|
6|/////////|
7|///////11|
8|///////1.|
9|///////1.|
-|---------|
Set/unset mine marks or claim a cell as free:
> 6 3 mine
 |123456789|
-|---------|
1|/////////|
2|////111//|
3|11//1.211|
4|.1//112.*|
5|11////111|
6|/////////|
7|///////11|
8|///////1.|
9|///////1.|
-|---------|
Set/unset mine marks or claim a cell as free:
> 9 9 free
 |123456789|
-|---------|
1|/////////|
2|////111//|
3|11//1.211|
4|.1//112.*|
5|11////111|
6|/////////|
7|///////11|
8|///////1.|
9|///////11|
-|---------|
Set/unset mine marks or claim a cell as free:
> 8 4 free
 |123456789|
-|---------|
1|/////////|
2|////111//|
3|11//1X211|
4|X1//112X*|
5|11////111|
6|/////////|
7|///////11|
8|///////1X|
9|///////11|
-|---------|
You stepped on a mine and failed!
?[1;31m
Start test 69?[0m
How many mines do you want on the field?
> 4
 |123456789|
-|---------|
1|.........|
2|.........|
3|.........|
4|.........|
5|.........|
6|.........|
7|.........|
8|.........|
9|.........|
-|---------|
Set/unset mine marks or claim a cell as free:
> 5 8 free
 |123456789|
-|---------|
1|.........|
2|.........|
3|.........|
4|.........|
5|.........|
6|.........|
7|.........|
8|....1....|
9|.........|
-|---------|
Set/unset mine marks or claim a cell as free:
> 2 7 free
 |123456789|
-|---------|
1|.........|
2|.........|
3|.........|
4|.........|
5|.........|
6|.........|
7|.1.......|
8|....1....|
9|.........|
-|---------|
Set/unset mine marks or claim a cell as free:
> 6 1 free
 |123456789|
-|---------|
1|..1//////|
2|..1//////|
3|111//////|
4|/////////|
5|/////////|
6|/111/////|
7|/1.1///11|
8|/11211/1.|
9|///1.1/1.|
-|---------|
Set/unset mine marks or claim a cell as free:
> 5 9 free
 |123456789|
-|---------|
1|..1//////|
2|.X1//////|
3|111//////|
4|/////////|
5|/////////|
6|/111/////|
7|/1X1///11|
8|/11211/1X|
9|///1X1/1.|
-|---------|
You stepped on a mine and failed!
?[1;31m
Start test 70?[0m
How many mines do you want on the field?
> 4
 |123456789|
-|---------|
1|.........|
2|.........|
3|.........|
4|.........|
5|.........|
6|.........|
7|.........|
8|.........|
9|.........|
-|---------|
Set/unset mine marks or claim a cell as free:
> 1 7 free
 |123456789|
-|---------|
1|/////////|
2|////1221/|
3|////1..1/|
4|/1111221/|
5|/1...1///|
6|/112.1///|
7|///111///|
8|/////////|
9|/////////|
-|---------|
Set/unset mine marks or claim a cell as free:
> 3 5 free
 |123456789|
-|---------|
1|/////////|
2|////1221/|
3|////1XX1/|
4|/1111221/|
5|/1X..1///|
6|/112X1///|
7|///111///|
8|/////////|
9|/////////|
-|---------|
You stepped on a mine and failed!
?[1;31m
Start test 71?[0m
How many mines do you want on the field?
> 4
 |123456789|
-|---------|
1|.........|
2|.........|
3|.........|
4|.........|
5|.........|
6|.........|
7|.........|
8|.........|
9|.........|
-|---------|
Set/unset mine marks or claim a cell as free:
> 6 6 free
 |123456789|
-|---------|
1|.1//1.1//|
2|.1/12.1//|
3|11/1..2//|
4|///12.1//|
5|////111//|
6|/////////|
7|/////////|
8|/////////|
9|/////////|
-|---------|
Set/unset mine marks or claim a cell as free:
> 6 1 mine
 |123456789|
-|---------|
1|.1//1*1//|
2|.1/12.1//|
3|11/1..2//|
4|///12.1//|
5|////111//|
6|/////////|
7|/////////|
8|/////////|
9|/////////|
-|---------|
Set/unset mine marks or claim a cell as free:
> 6 3 free
 |123456789|
-|---------|
1|.1//1*1//|
2|.1/12.1//|
3|11/1.32//|
4|///12.1//|
5|////111//|
6|/////////|
7|/////////|
8|/////////|
9|/////////|
-|---------|
Set/unset mine marks or claim a cell as free:
> 6 4 free
 |123456789|
-|---------|
1|.1//1*1//|
2|X1/12X1//|
3|11/1X32//|
4|///12X1//|
5|////111//|
6|/////////|
7|/////////|
8|/////////|
9|/////////|
-|---------|
You stepped on a mine and failed!
?[1;31m
Start test 72?[0m
How many mines do you want on the field?
> 4
 |123456789|
-|---------|
1|.........|
2|.........|
3|.........|
4|.........|
5|.........|
6|.........|
7|.........|
8|.........|
9|.........|
-|---------|
Set/unset mine marks or claim a cell as free:
> 1 3 free
 |123456789|
-|---------|
1|////1.1//|
2|////111//|
3|/////////|
4|/////111/|
5|/////1.1/|
6|//1111.1/|
7|//1....1/|
8|//1111.1/|
9|/////1.1/|
-|---------|
Set/unset mine marks or claim a cell as free:
> 7 7 free
 |123456789|
-|---------|
1|////1.1//|
2|////111//|
3|/////////|
4|/////111/|
5|/////1.1/|
6|//1111.1/|
7|//1...11/|
8|//1111.1/|
9|/////1.1/|
-|---------|
Set/unset mine marks or claim a cell as free:
> 7 6 free
 |123456789|
-|---------|
1|////1.1//|
2|////111//|
3|/////////|
4|/////111/|
5|/////1.1/|
6|//111111/|
7|//1...11/|
8|//1111.1/|
9|/////1.1/|
-|---------|
Set/unset mine marks or claim a cell as free:
> 5 7 free
 |123456789|
-|---------|
1|////1.1//|
2|////111//|
3|/////////|
4|/////111/|
5|/////1.1/|
6|//111111/|
7|//1.1.11/|
8|//1111.1/|
9|/////1.1/|
-|---------|
Set/unset mine marks or claim a cell as free:
> 7 5 mine
 |123456789|
-|---------|
1|////1.1//|
2|////111//|
3|/////////|
4|/////111/|
5|/////1*1/|
6|//111111/|
7|//1.1.11/|
8|//1111.1/|
9|/////1.1/|
-|---------|
Set/unset mine marks or claim a cell as free:
> 7 5 mine
 |123456789|
-|---------|
1|////1.1//|
2|////111//|
3|/////////|
4|/////111/|
5|/////1.1/|
6|//111111/|
7|//1.1.11/|
8|//1111.1/|
9|/////1.1/|
-|---------|
Set/unset mine marks or claim a cell as free:
> 7 9 free
 |123456789|
-|---------|
1|////1.1//|
2|////111//|
3|/////////|
4|/////111/|
5|/////1.1/|
6|//111111/|
7|//1.1.11/|
8|//1111.1/|
9|/////111/|
-|---------|
Set/unset mine marks or claim a cell as free:
> 7 5 mine
 |123456789|
-|---------|
1|////1.1//|
2|////111//|
3|/////////|
4|/////111/|
5|/////1*1/|
6|//111111/|
7|//1.1.11/|
8|//1111.1/|
9|/////111/|
-|---------|
Set/unset mine marks or claim a cell as free:
> 6 7 mine
 |123456789|
-|---------|
1|////1.1//|
2|////111//|
3|/////////|
4|/////111/|
5|/////1*1/|
6|//111111/|
7|//1.1*11/|
8|//1111.1/|
9|/////111/|
-|---------|
Set/unset mine marks or claim a cell as free:
> 6 1 free
 |123456789|
-|---------|
1|////1X1//|
2|////111//|
3|/////////|
4|/////111/|
5|/////1X1/|
6|//111111/|
7|//1X1*11/|
8|//1111X1/|
9|/////111/|
-|---------|
You stepped on a mine and failed!
?[1;31m
Start test 73?[0m
How many mines do you want on the field?
> 4
 |123456789|
-|---------|
1|.........|
2|.........|
3|.........|
4|.........|
5|.........|
6|.........|
7|.........|
8|.........|
9|.........|
-|---------|
Set/unset mine marks or claim a cell as free:
> 8 6 free
 |123456789|
-|---------|
1|..1//////|
2|..1111///|
3|12...1///|
4|/1.211///|
5|/111/////|
6|/////////|
7|/////////|
8|/111/////|
9|/1.1/////|
-|---------|
Set/unset mine marks or claim a cell as free:
> 1 1 free
 |123456789|
-|---------|
1|1.1//////|
2|..1111///|
3|12...1///|
4|/1.211///|
5|/111/////|
6|/////////|
7|/////////|
8|/111/////|
9|/1.1/////|
-|---------|
Set/unset mine marks or claim a cell as free:
> 3 3 mine
 |123456789|
-|---------|
1|1.1//////|
2|..1111///|
3|12*..1///|
4|/1.211///|
5|/111/////|
6|/////////|
7|/////////|
8|/111/////|
9|/1.1/////|
-|---------|
Set/unset mine marks or claim a cell as free:
> 3 3 mine
 |123456789|
-|---------|
1|1.1//////|
2|..1111///|
3|12...1///|
4|/1.211///|
5|/111/////|
6|/////////|
7|/////////|
8|/111/////|
9|/1.1/////|
-|---------|
Set/unset mine marks or claim a cell as free:
> 3 9 mine
 |123456789|
-|---------|
1|1.1//////|
2|..1111///|
3|12...1///|
4|/1.211///|
5|/111/////|
6|/////////|
7|/////////|
8|/111/////|
9|/1*1/////|
-|---------|
Set/unset mine marks or claim a cell as free:
> 2 1 free
 |123456789|
-|---------|
1|111//////|
2|..1111///|
3|12...1///|
4|/1.211///|
5|/111/////|
6|/////////|
7|/////////|
8|/111/////|
9|/1*1/////|
-|---------|
Set/unset mine marks or claim a cell as free:
> 3 4 free
 |123456789|
-|---------|
1|111//////|
2|.X1111///|
3|12..X1///|
4|/1X211///|
5|/111/////|
6|/////////|
7|/////////|
8|/111/////|
9|/1X1/////|
-|---------|
You stepped on a mine and failed!
?[1;31m
Start test 74?[0m
How many mines do you want on the field?
> 4
 |123456789|
-|---------|
1|.........|
2|.........|
3|.........|
4|.........|
5|.........|
6|.........|
7|.........|
8|.........|
9|.........|
-|---------|
Set/unset mine marks or claim a cell as free:
> 7 8 free
 |123456789|
-|---------|
1|/////1...|
2|/////112.|
3|///////1.|
4|///////11|
5|/////////|
6|///111///|
7|/112.1///|
8|/1.211///|
9|/1.1/////|
-|---------|
Set/unset mine marks or claim a cell as free:
> 9 3 free
 |123456789|
-|---------|
1|/////1X..|
2|/////112.|
3|///////1X|
4|///////11|
5|/////////|
6|///111///|
7|/112X1///|
8|/1X211///|
9|/1.1/////|
-|---------|
You stepped on a mine and failed!
?[1;31m
Start test 75?[0m
How many mines do you want on the field?
> 4
 |123456789|
-|---------|
1|.........|
2|.........|
3|.........|
4|.........|
5|.........|
6|.........|
7|.........|
8|.........|
9|.........|
-|---------|
Set/unset mine marks or claim a cell as free:
> 3 6 free
 |123456789|
-|---------|
1|.........|
2|.........|
3|.........|
4|.........|
5|.........|
6|..2......|
7|.........|
8|.........|
9|.........|
-|---------|
Set/unset mine marks or claim a cell as free:
> 8 6 mine
 |123456789|
-|---------|
1|.........|
2|.........|
3|.........|
4|.........|
5|.........|
6|..2....*.|
7|.........|
8|.........|
9|.........|
-|---------|
Set/unset mine marks or claim a cell as free:
> 8 6 mine
 |123456789|
-|---------|
1|.........|
2|.........|
3|.........|
4|.........|
5|.........|
6|..2......|
7|.........|
8|.........|
9|.........|
-|---------|
Set/unset mine marks or claim a cell as free:
> 1 8 mine
 |123456789|
-|---------|
1|.........|
2|.........|
3|.........|
4|.........|
5|.........|
6|..2......|
7|.........|
8|*........|
9|.........|
-|---------|
Set/unset mine marks or claim a cell as free:
> 1 8 mine
 |123456789|
-|---------|
1|.........|
2|.........|
3|.........|
4|.........|
5|.........|
6|..2......|
7|.........|
8|.........|
9|.........|
-|---------|
Set/unset mine marks or claim a cell as free:
> 6 2 mine
 |123456789|
-|---------|
1|.........|
2|.....*...|
3|.........|
4|.........|
5|.........|
6|..2......|
7|.........|
8|.........|
9|.........|
-|---------|
Set/unset mine marks or claim a cell as free:
> 5 6 free
 |123456789|
-|---------|
1|//////1..|
2|//////1..|
3|//////111|
4|111//////|
5|..1//////|
6|1221/////|
7|/1.1///11|
8|/111///1.|
9|///////1.|
-|---------|
Set/unset mine marks or claim a cell as free:
> 8 2 mine
 |123456789|
-|---------|
1|//////1..|
2|//////1*.|
3|//////111|
4|111//////|
5|..1//////|
6|1221/////|
7|/1.1///11|
8|/111///1.|
9|///////1.|
-|---------|
Set/unset mine marks or claim a cell as free:
> 1 5 free
 |123456789|
-|---------|
1|//////1..|
2|//////1*.|
3|//////111|
4|111//////|
5|1.1//////|
6|1221/////|
7|/1.1///11|
8|/111///1.|
9|///////1.|
-|---------|
Set/unset mine marks or claim a cell as free:
> 8 2 mine
 |123456789|
-|---------|
1|//////1..|
2|//////1..|
3|//////111|
4|111//////|
5|1.1//////|
6|1221/////|
7|/1.1///11|
8|/111///1.|
9|///////1.|
-|---------|
Set/unset mine marks or claim a cell as free:
> 2 5 mine
 |123456789|
-|---------|
1|//////1..|
2|//////1..|
3|//////111|
4|111//////|
5|1*1//////|
6|1221/////|
7|/1.1///11|
8|/111///1.|
9|///////1.|
-|---------|
Set/unset mine marks or claim a cell as free:
> 2 5 mine
 |123456789|
-|---------|
1|//////1..|
2|//////1..|
3|//////111|
4|111//////|
5|1.1//////|
6|1221/////|
7|/1.1///11|
8|/111///1.|
9|///////1.|
-|---------|
Set/unset mine marks or claim a cell as free:
> 9 2 free
 |123456789|
-|---------|
1|//////1..|
2|//////1.1|
3|//////111|
4|111//////|
5|1.1//////|
6|1221/////|
7|/1.1///11|
8|/111///1.|
9|///////1.|
-|---------|
Set/unset mine marks or claim a cell as free:
> 9 1 free
 |123456789|
-|---------|
1|//////1.1|
2|//////1.1|
3|//////111|
4|111//////|
5|1.1//////|
6|1221/////|
7|/1.1///11|
8|/111///1.|
9|///////1.|
-|---------|
Set/unset mine marks or claim a cell as free:
> 8 1 mine
 |123456789|
-|---------|
1|//////1*1|
2|//////1.1|
3|//////111|
4|111//////|
5|1.1//////|
6|1221/////|
7|/1.1///11|
8|/111///1.|
9|///////1.|
-|---------|
Set/unset mine marks or claim a cell as free:
> 3 7 free
 |123456789|
-|---------|
1|//////1*1|
2|//////1X1|
3|//////111|
4|111//////|
5|1X1//////|
6|1221/////|
7|/1X1///11|
8|/111///1X|
9|///////1.|
-|---------|
You stepped on a mine and failed!
?[1;31m
Start test 76?[0m
How many mines do you want on the field?
> 4
 |123456789|
-|---------|
1|.........|
2|.........|
3|.........|
4|.........|
5|.........|
6|.........|
7|.........|
8|.........|
9|.........|
-|---------|
Set/unset mine marks or claim a cell as free:
> 5 6 mine
 |123456789|
-|---------|
1|.........|
2|.........|
3|.........|
4|.........|
5|.........|
6|....*....|
7|.........|
8|.........|
9|.........|
-|---------|
Set/unset mine marks or claim a cell as free:
> 5 6 mine
 |123456789|
-|---------|
1|.........|
2|.........|
3|.........|
4|.........|
5|.........|
6|.........|
7|.........|
8|.........|
9|.........|
-|---------|
Congratulations! You found all the mines.
?[1;31m
Start test 77?[0m
How many mines do you want on the field?
> 4
 |123456789|
-|---------|
1|.........|
2|.........|
3|.........|
4|.........|
5|.........|
6|.........|
7|.........|
8|.........|
9|.........|
-|---------|
Set/unset mine marks or claim a cell as free:
> 3 3 free
 |123456789|
-|---------|
1|/////////|
2|//////111|
3|//////1..|
4|//111/2..|
5|//2.2/1..|
6|//2.2/111|
7|//111////|
8|/////////|
9|/////////|
-|---------|
Set/unset mine marks or claim a cell as free:
> 4 5 free
 |123456789|
-|---------|
1|/////////|
2|//////111|
3|//////1X.|
4|//111/2..|
5|//2X2/1X.|
6|//2X2/111|
7|//111////|
8|/////////|
9|/////////|
-|---------|
You stepped on a mine and failed!
?[1;31m
Start test 78?[0m
How many mines do you want on the field?
> 4
 |123456789|
-|---------|
1|.........|
2|.........|
3|.........|
4|.........|
5|.........|
6|.........|
7|.........|
8|.........|
9|.........|
-|---------|
Set/unset mine marks or claim a cell as free:
> 1 3 mine
 |123456789|
-|---------|
1|.........|
2|.........|
3|*........|
4|.........|
5|.........|
6|.........|
7|.........|
8|.........|
9|.........|
-|---------|
Set/unset mine marks or claim a cell as free:
> 3 5 free
 |123456789|
-|---------|
1|.........|
2|.........|
3|*........|
4|.........|
5|..1......|
6|.........|
7|.........|
8|.........|
9|.........|
-|---------|
Set/unset mine marks or claim a cell as free:
> 2 8 mine
 |123456789|
-|---------|
1|.........|
2|.........|
3|*........|
4|.........|
5|..1......|
6|.........|
7|.........|
8|.*.......|
9|.........|
-|---------|
Set/unset mine marks or claim a cell as free:
> 2 8 mine
 |123456789|
-|---------|
1|.........|
2|.........|
3|*........|
4|.........|
5|..1......|
6|.........|
7|.........|
8|.........|
9|.........|
-|---------|
Set/unset mine marks or claim a cell as free:
> 1 3 mine
 |123456789|
-|---------|
1|.........|
2|.........|
3|.........|
4|.........|
5|..1......|
6|.........|
7|.........|
8|.........|
9|.........|
-|---------|
Set/unset mine marks or claim a cell as free:
> 1 2 free
 |123456789|
-|---------|
1|/////////|
2|//////111|
3|/111112..|
4|/1....211|
5|/111111//|
6|/////////|
7|/////////|
8|///////11|
9|///////1.|
-|---------|
Set/unset mine marks or claim a cell as free:
> 6 4 free
 |123456789|
-|---------|
1|/////////|
2|//////111|
3|/111112X.|
4|/1X..X211|
5|/111111//|
6|/////////|
7|/////////|
8|///////11|
9|///////1X|
-|---------|
You stepped on a mine and failed!
?[1;31m
Start test 79?[0m
How many mines do you want on the field?
> 4
 |123456789|
-|---------|
1|.........|
2|.........|
3|.........|
4|.........|
5|.........|
6|.........|
7|.........|
8|.........|
9|.........|
-|---------|
Set/unset mine marks or claim a cell as free:
> 4 9 free
 |123456789|
-|---------|
1|///1.1///|
2|///1.1///|
3|///111///|
4|/111/////|
5|/1.1/////|
6|/111/////|
7|/////////|
8|111////11|
9|..1////1.|
-|---------|
Set/unset mine marks or claim a cell as free:
> 1 9 free
 |123456789|
-|---------|
1|///1.1///|
2|///1.1///|
3|///111///|
4|/111/////|
5|/1.1/////|
6|/111/////|
7|/////////|
8|111////11|
9|1.1////1.|
-|---------|
Set/unset mine marks or claim a cell as free:
> 9 9 free
 |123456789|
-|---------|
1|///1.1///|
2|///1X1///|
3|///111///|
4|/111/////|
5|/1X1/////|
6|/111/////|
7|/////////|
8|111////11|
9|1X1////1X|
-|---------|
You stepped on a mine and failed!
?[1;31m
Start test 80?[0m
How many mines do you want on the field?
> 4
 |123456789|
-|---------|
1|.........|
2|.........|
3|.........|
4|.........|
5|.........|
6|.........|
7|.........|
8|.........|
9|.........|
-|---------|
Set/unset mine marks or claim a cell as free:
> 1 3 free
 |123456789|
-|---------|
1|.........|
2|.........|
3|1........|
4|.........|
5|.........|
6|.........|
7|.........|
8|.........|
9|.........|
-|---------|
Set/unset mine marks or claim a cell as free:
> 8 4 free
 |123456789|
-|---------|
1|.1//1.1//|
2|.1//1.1//|
3|11//111//|
4|.1///////|
5|.1/////11|
6|11/////1.|
7|///////11|
8|/////////|
9|/////////|
-|---------|
Set/unset mine marks or claim a cell as free:
> 1 1 mine
 |123456789|
-|---------|
1|*1//1.1//|
2|.1//1.1//|
3|11//111//|
4|.1///////|
5|.1/////11|
6|11/////1.|
7|///////11|
8|/////////|
9|/////////|
-|---------|
Set/unset mine marks or claim a cell as free:
> 1 2 free
 |123456789|
-|---------|
1|*1//1.1//|
2|X1//1X1//|
3|11//111//|
4|.1///////|
5|X1/////11|
6|11/////1X|
7|///////11|
8|/////////|
9|/////////|
-|---------|
You stepped on a mine and failed!
?[1;31m
Start test 81?[0m
How many mines do you want on the field?
> 5
 |123456789|
-|---------|
1|.........|
2|.........|
3|.........|
4|.........|
5|.........|
6|.........|
7|.........|
8|.........|
9|.........|
-|---------|
Set/unset mine marks or claim a cell as free:
> 8 1 free
 |123456789|
-|---------|
1|.......1.|
2|.........|
3|.........|
4|.........|
5|.........|
6|.........|
7|.........|
8|.........|
9|.........|
-|---------|
Set/unset mine marks or claim a cell as free:
> 4 7 mine
 |123456789|
-|---------|
1|.......1.|
2|.........|
3|.........|
4|.........|
5|.........|
6|.........|
7|...*.....|
8|.........|
9|.........|
-|---------|
Set/unset mine marks or claim a cell as free:
> 4 7 mine
 |123456789|
-|---------|
1|.......1.|
2|.........|
3|.........|
4|.........|
5|.........|
6|.........|
7|.........|
8|.........|
9|.........|
-|---------|
Set/unset mine marks or claim a cell as free:
> 6 5 free
 |123456789|
-|---------|
1|/////1.1/|
2|/////111/|
3|/////////|
4|11///////|
5|.1111////|
6|....1/111|
7|....112..|
8|.........|
9|.........|
-|---------|
Set/unset mine marks or claim a cell as free:
> 4 7 free
 |123456789|
-|---------|
1|/////1.1/|
2|/////111/|
3|/////////|
4|11///////|
5|.1111////|
6|....1/111|
7|...1112..|
8|.........|
9|.........|
-|---------|
Set/unset mine marks or claim a cell as free:
> 6 8 mine
 |123456789|
-|---------|
1|/////1.1/|
2|/////111/|
3|/////////|
4|11///////|
5|.1111////|
6|....1/111|
7|...1112..|
8|.....*...|
9|.........|
-|---------|
Set/unset mine marks or claim a cell as free:
> 3 7 free
 |123456789|
-|---------|
1|/////1.1/|
2|/////111/|
3|/////////|
4|11///////|
5|.1111////|
6|....1/111|
7|..11112..|
8|.....*...|
9|.........|
-|---------|
Set/unset mine marks or claim a cell as free:
> 9 9 mine
 |123456789|
-|---------|
1|/////1.1/|
2|/////111/|
3|/////////|
4|11///////|
5|.1111////|
6|....1/111|
7|..11112..|
8|.....*...|
9|........*|
-|---------|
Set/unset mine marks or claim a cell as free:
> 3 6 mine
 |123456789|
-|---------|
1|/////1.1/|
2|/////111/|
3|/////////|
4|11///////|
5|.1111////|
6|..*.1/111|
7|..11112..|
8|.....*...|
9|........*|
-|---------|
Set/unset mine marks or claim a cell as free:
> 2 8 free
 |123456789|
-|---------|
1|/////1.1/|
2|/////111/|
3|/////////|
4|11///////|
5|.1111////|
6|111.1/111|
7|//11112..|
8|/////1...|
9|/////1..*|
-|---------|
Set/unset mine marks or claim a cell as free:
> 9 7 mine
 |123456789|
-|---------|
1|/////1.1/|
2|/////111/|
3|/////////|
4|11///////|
5|.1111////|
6|111.1/111|
7|//11112.*|
8|/////1...|
9|/////1..*|
-|---------|
Set/unset mine marks or claim a cell as free:
> 9 7 mine
 |123456789|
-|---------|
1|/////1.1/|
2|/////111/|
3|/////////|
4|11///////|
5|.1111////|
6|111.1/111|
7|//11112..|
8|/////1...|
9|/////1..*|
-|---------|
Set/unset mine marks or claim a cell as free:
> 7 9 free
 |123456789|
-|---------|
1|/////1.1/|
2|/////111/|
3|/////////|
4|11///////|
5|.1111////|
6|111.1/111|
7|//11112..|
8|/////1...|
9|/////11.*|
-|---------|
Set/unset mine marks or claim a cell as free:
> 8 9 mine
 |123456789|
-|---------|
1|/////1.1/|
2|/////111/|
3|/////////|
4|11///////|
5|.1111////|
6|111.1/111|
7|//11112..|
8|/////1...|
9|/////11**|
-|---------|
Set/unset mine marks or claim a cell as free:
> 7 1 free
 |123456789|
-|---------|
1|/////1X1/|
2|/////111/|
3|/////////|
4|11///////|
5|X1111////|
6|111X1/111|
7|//11112X.|
8|/////1X..|
9|/////11**|
-|---------|
You stepped on a mine and failed!
?[1;31m
Start test 82?[0m
How many mines do you want on the field?
> 5
 |123456789|
-|---------|
1|.........|
2|.........|
3|.........|
4|.........|
5|.........|
6|.........|
7|.........|
8|.........|
9|.........|
-|---------|
Set/unset mine marks or claim a cell as free:
> 5 4 free
 |123456789|
-|---------|
1|.........|
2|.........|
3|.........|
4|....1....|
5|.........|
6|.........|
7|.........|
8|.........|
9|.........|
-|---------|
Set/unset mine marks or claim a cell as free:
> 4 1 free
 |123456789|
-|---------|
1|/////////|
2|/111/111/|
3|/1.112.1/|
4|/1..1..21|
5|11.......|
6|.........|
7|.........|
8|.........|
9|.........|
-|---------|
Set/unset mine marks or claim a cell as free:
> 7 8 mine
 |123456789|
-|---------|
1|/////////|
[...]
5|/1..3.3..|
6|11.2....2|
7|.........|
8|........3|
9|...1.....|
-|---------|
Set/unset mine marks or claim a cell as free:
> 7 7 free
 |123456789|
-|---------|
1|/2.......|
2|/2.......|
3|/2..4....|
4|/1.......|
5|/1..3.3..|
6|11.2....2|
7|......2..|
8|........3|
9|...1.....|
-|---------|
Set/unset mine marks or claim a cell as free:
> 5 1 free
 |123456789|
-|---------|
1|/2X.X.XXX|
2|/2XX.XX..|
3|/2.X4.X..|
4|/1X..X...|
5|/1.X3.3.X|
6|11.2.XX.2|
7|.X..X.2.X|
8|.X......3|
9|X.X1...XX|
-|---------|
You stepped on a mine and failed!
?[1;31m
Start test 98?[0m
How many mines do you want on the field?
> 25
 |123456789|
-|---------|
1|.........|
2|.........|
3|.........|
4|.........|
5|.........|
6|.........|
7|.........|
8|.........|
9|.........|
-|---------|
Set/unset mine marks or claim a cell as free:
> 3 7 free
 |123456789|
-|---------|
1|.........|
2|.........|
3|.........|
4|.........|
5|.........|
6|.........|
7|..2......|
8|.........|
9|.........|
-|---------|
Set/unset mine marks or claim a cell as free:
> 6 7 free
 |123456789|
-|---------|
1|.........|
2|.........|
3|.........|
4|.........|
5|.........|
6|.........|
7|..2..4...|
8|.........|
9|.........|
-|---------|
Set/unset mine marks or claim a cell as free:
> 7 7 mine
 |123456789|
-|---------|
1|.........|
2|.........|
3|.........|
4|.........|
5|.........|
6|.........|
7|..2..4*..|
8|.........|
9|.........|
-|---------|
Set/unset mine marks or claim a cell as free:
> 7 7 mine
 |123456789|
-|---------|
1|.........|
2|.........|
3|.........|
4|.........|
5|.........|
6|.........|
7|..2..4...|
8|.........|
9|.........|
-|---------|
Set/unset mine marks or claim a cell as free:
> 5 4 free
 |123456789|
-|---------|
1|.........|
2|.........|
3|.........|
4|....3....|
5|.........|
6|.........|
7|..2..4...|
8|.........|
9|.........|
-|---------|
Set/unset mine marks or claim a cell as free:
> 2 8 mine
 |123456789|
-|---------|
1|.........|
2|.........|
3|.........|
4|....3....|
5|.........|
6|.........|
7|..2..4...|
8|.*.......|
9|.........|
-|---------|
Set/unset mine marks or claim a cell as free:
> 2 8 mine
 |123456789|
-|---------|
1|.........|
2|.........|
3|.........|
4|....3....|
5|.........|
6|.........|
7|..2..4...|
8|.........|
9|.........|
-|---------|
Set/unset mine marks or claim a cell as free:
> 9 4 mine
 |123456789|
-|---------|
1|.........|
2|.........|
3|.........|
4|....3...*|
5|.........|
6|.........|
7|..2..4...|
8|.........|
9|.........|
-|---------|
Set/unset mine marks or claim a cell as free:
> 6 9 free
 |123456789|
-|---------|
1|XXX.X....|
2|X...X....|
3|...X..XXX|
4|...X3..X*|
5|.X..X.X..|
6|X...X..X.|
7|.X2.X4X..|
8|..X...X..|
9|.....X.X.|
-|---------|
You stepped on a mine and failed!
?[1;31m
Start test 99?[0m
How many mines do you want on the field?
> 30
 |123456789|
-|---------|
1|.........|
2|.........|
3|.........|
4|.........|
5|.........|
6|.........|
7|.........|
8|.........|
9|.........|
-|---------|
Set/unset mine marks or claim a cell as free:
> 4 3 free
 |123456789|
-|---------|
1|.........|
2|.........|
3|...4.....|
4|.........|
5|.........|
6|.........|
7|.........|
8|.........|
9|.........|
-|---------|
Set/unset mine marks or claim a cell as free:
> 9 2 free
 |123456789|
-|---------|
1|X..XXX.X.|
2|XX.X....X|
3|X.X4..XX.|
4|X.XX....X|
5|..X...XXX|
6|.X......X|
7|.X..XX..X|
8|.X...X..X|
9|.........|
-|---------|
You stepped on a mine and failed!
?[1;31m
Start test 100?[0m
How many mines do you want on the field?
> 30
 |123456789|
-|---------|
1|.........|
2|.........|
3|.........|
4|.........|
5|.........|
6|.........|
7|.........|
8|.........|
9|.........|
-|---------|
Set/unset mine marks or claim a cell as free:
> 1 3 free
 |123456789|
-|---------|
1|.........|
2|.........|
3|1........|
4|.........|
5|.........|
6|.........|
7|.........|
8|.........|
9|.........|
-|---------|
Set/unset mine marks or claim a cell as free:
> 2 8 free
 |123456789|
-|---------|
1|.........|
2|.........|
3|1........|
4|.........|
5|.........|
6|.........|
7|.........|
8|.3.......|
9|.........|
-|---------|
Set/unset mine marks or claim a cell as free:
> 3 6 mine
 |123456789|
-|---------|
1|.........|
2|.........|
3|1........|
4|.........|
5|.........|
6|..*......|
7|.........|
8|.3.......|
9|.........|
-|---------|
Set/unset mine marks or claim a cell as free:
> 6 3 mine
 |123456789|
-|---------|
1|.........|
2|.........|
3|1....*...|
4|.........|
5|.........|
6|..*......|
7|.........|
8|.3.......|
9|.........|
-|---------|
Set/unset mine marks or claim a cell as free:
> 6 9 free
 |123456789|
-|---------|
1|.........|
2|.........|
3|1....*...|
4|.........|
5|.........|
6|..*......|
7|.........|
8|.3.......|
9|.....1...|
-|---------|
Set/unset mine marks or claim a cell as free:
> 3 4 free
 |123456789|
-|---------|
1|.X..X.XX.|
2|.....XX.X|
3|1....*X.X|
4|X.X..X...|
5|...XX.X.X|
6|.X*X...XX|
7|...XX.X.X|
8|.3X...X..|
9|.XXX.1..X|
-|---------|
You stepped on a mine and failed!
?[1;31m
Start test 101?[0m
How many mines do you want on the field?
> 35
 |123456789|
-|---------|
1|.........|
2|.........|
3|.........|
4|.........|
5|.........|
6|.........|
7|.........|
8|.........|
9|.........|
-|---------|
Set/unset mine marks or claim a cell as free:
> 3 2 free
 |123456789|
-|---------|
1|.........|
2|..4......|
3|.........|
4|.........|
5|.........|
6|.........|
7|.........|
8|.........|
9|.........|
-|---------|
Set/unset mine marks or claim a cell as free:
> 2 2 free
 |123456789|
-|---------|
1|.........|
2|.64......|
3|.........|
4|.........|
5|.........|
6|.........|
7|.........|
8|.........|
9|.........|
-|---------|
Set/unset mine marks or claim a cell as free:
> 1 9 free
 |123456789|
-|---------|
1|.........|
2|.64......|
3|.........|
4|.........|
5|.........|
6|.........|
7|.........|
8|.........|
9|2........|
-|---------|
Set/unset mine marks or claim a cell as free:
> 5 3 mine
 |123456789|
-|---------|
1|.........|
2|.64......|
3|....*....|
4|.........|
5|.........|
6|.........|
7|.........|
8|.........|
9|2........|
-|---------|
Set/unset mine marks or claim a cell as free:
> 1 2 free
 |123456789|
-|---------|
1|XX...XXX.|
2|X64.X.X..|
3|XXXX*...X|
4|.....XXX.|
5|.X..X.X..|
6|.XXX.X...|
7|XXX....X.|
8|X.X..XXX.|
9|2X.X..X..|
-|---------|
You stepped on a mine and failed!
?[1;31m
Start test 102?[0m
How many mines do you want on the field?
> 35
 |123456789|
-|---------|
1|.........|
2|.........|
3|.........|
4|.........|
5|.........|
6|.........|
7|.........|
8|.........|
9|.........|
-|---------|
Set/unset mine marks or claim a cell as free:
> 5 7 free
 |123456789|
-|---------|
1|.........|
2|.........|
3|.........|
4|.........|
5|.........|
6|.........|
7|....5....|
8|.........|
9|.........|
-|---------|
Set/unset mine marks or claim a cell as free:
> 6 3 mine
 |123456789|
-|---------|
1|.........|
2|.........|
3|.....*...|
4|.........|
5|.........|
6|.........|
7|....5....|
8|.........|
9|.........|
-|---------|
Set/unset mine marks or claim a cell as free:
> 7 9 free
 |123456789|
-|---------|
1|.........|
2|.........|
3|.....*...|
4|.........|
5|.........|
6|.........|
7|....5....|
8|.........|
9|......1..|
-|---------|
Set/unset mine marks or claim a cell as free:
> 6 3 mine
 |123456789|
-|---------|
1|.........|
2|.........|
3|.........|
4|.........|
5|.........|
6|.........|
7|....5....|
8|.........|
9|......1..|
-|---------|
Set/unset mine marks or claim a cell as free:
> 1 2 free
 |123456789|
-|---------|
1|//2......|
2|/14......|
3|13.......|
4|.........|
5|.........|
6|.........|
7|....5....|
8|.........|
9|......1..|
-|---------|
Set/unset mine marks or claim a cell as free:
> 9 8 free
 |123456789|
-|---------|
1|//2......|
2|/14......|
3|13.......|
4|.........|
5|.........|
6|.........|
7|....5....|
8|........2|
9|......1..|
-|---------|
Set/unset mine marks or claim a cell as free:
> 5 3 free
 |123456789|
-|---------|
1|//2XX.XX.|
2|/14X.X.X.|
3|13XXX..XX|
4|.XX.XX.XX|
5|X.XXX....|
6|....X.X..|
7|..XX5X.X.|
8|.X.X.X..2|
9|X..XX.1.X|
-|---------|
You stepped on a mine and failed!
?[1;31m
Start test 103?[0m
How many mines do you want on the field?
> 40
 |123456789|
-|---------|
1|.........|
2|.........|
3|.........|
4|.........|
5|.........|
6|.........|
7|.........|
8|.........|
9|.........|
-|---------|
Set/unset mine marks or claim a cell as free:
> 6 3 mine
 |123456789|
-|---------|
1|.........|
2|.........|
3|.....*...|
4|.........|
5|.........|
6|.........|
7|.........|
8|.........|
9|.........|
-|---------|
Set/unset mine marks or claim a cell as free:
> 6 3 mine
 |123456789|
-|---------|
1|.........|
2|.........|
3|.........|
4|.........|
5|.........|
6|.........|
7|.........|
8|.........|
9|.........|
-|---------|
Congratulations! You found all the mines.
?[1;31m
Start test 104?[0m
How many mines do you want on the field?
> 40
 |123456789|
-|---------|
1|.........|
2|.........|
3|.........|
4|.........|
5|.........|
6|.........|
7|.........|
8|.........|
9|.........|
-|---------|
Set/unset mine marks or claim a cell as free:
> 5 1 free
 |123456789|
-|---------|
1|....4....|
2|.........|
3|.........|
4|.........|
5|.........|
6|.........|
7|.........|
8|.........|
9|.........|
-|---------|
Set/unset mine marks or claim a cell as free:
> 3 9 free
 |123456789|
-|---------|
1|....4....|
2|.........|
3|.........|
4|.........|
5|.........|
6|.........|
7|.........|
8|.........|
9|..1......|
-|---------|
Set/unset mine marks or claim a cell as free:
> 2 8 free
 |123456789|
-|---------|
1|....4....|
2|.........|
3|.........|
4|.........|
5|.........|
6|.........|
7|.........|
8|.3.......|
9|..1......|
-|---------|
Set/unset mine marks or claim a cell as free:
> 9 4 free
 |123456789|
-|---------|
1|..XX4X.X.|
2|XX..XXX..|
3|.X...XX..|
4|X..XXX.XX|
5|X..XX.X.X|
6|X......X.|
7|XXXX..XXX|
8|.3..XXX.X|
9|..1X.XX.X|
-|---------|
You stepped on a mine and failed!
?[1;31m
Start test 105?[0m
How many mines do you want on the field?
> 45
 |123456789|
-|---------|
1|.........|
2|.........|
3|.........|
4|.........|
5|.........|
6|.........|
7|.........|
8|.........|
9|.........|
-|---------|
Set/unset mine marks or claim a cell as free:
> 5 9 free
 |123456789|
-|---------|
1|.........|
2|.........|
3|.........|
4|.........|
5|.........|
6|.........|
7|.........|
8|.........|
9|....3....|
-|---------|
Set/unset mine marks or claim a cell as free:
> 6 7 mine
 |123456789|
-|---------|
1|.........|
2|.........|
3|.........|
4|.........|
5|.........|
6|.........|
7|.....*...|
8|.........|
9|....3....|
-|---------|
Set/unset mine marks or claim a cell as free:
> 6 7 mine
 |123456789|
-|---------|
1|.........|
2|.........|
3|.........|
4|.........|
5|.........|
6|.........|
7|.........|
8|.........|
9|....3....|
-|---------|
Set/unset mine marks or claim a cell as free:
> 7 2 mine
 |123456789|
-|---------|
1|.........|
2|......*..|
3|.........|
4|.........|
5|.........|
6|.........|
7|.........|
8|.........|
9|....3....|
-|---------|
Set/unset mine marks or claim a cell as free:
> 1 6 free
 |123456789|
-|---------|
1|XXX.XXX.X|
2|.X.X.XXXX|
3|..X.XXX..|
4|..X..XX..|
5|X.XXX.X.X|
6|X..XX...X|
7|.XX.X..XX|
8|.X.XXX.XX|
9|XX..3..XX|
-|---------|
You stepped on a mine and failed!
?[1;31m
Start test 106?[0m
How many mines do you want on the field?
> 45
 |123456789|
-|---------|
1|.........|
2|.........|
3|.........|
4|.........|
5|.........|
6|.........|
7|.........|
8|.........|
9|.........|
-|---------|
Set/unset mine marks or claim a cell as free:
> 9 1 free
 |123456789|
-|---------|
1|.......1/|
2|.......31|
3|.........|
4|.........|
5|.........|
6|.........|
7|.........|
8|.........|
9|.........|
-|---------|
Set/unset mine marks or claim a cell as free:
> 2 4 free
 |123456789|
-|---------|
1|.......1/|
2|.......31|
3|.........|
4|.2.......|
5|.........|
6|.........|
7|.........|
8|.........|
9|.........|
-|---------|
Set/unset mine marks or claim a cell as free:
> 5 9 free
 |123456789|
-|---------|
1|XXXXXX.1/|
2|X.XXX.X31|
3|...XX.X.X|
4|.2X.XXXX.|
5|.X.XXXX.X|
6|.XXX...X.|
7|XXXXX..XX|
8|.....XXXX|
9|XX..X...X|
-|---------|
You stepped on a mine and failed!
?[1;31m
Start test 107?[0m
How many mines do you want on the field?
> 50
 |123456789|
-|---------|
1|.........|
2|.........|
3|.........|
4|.........|
5|.........|
6|.........|
7|.........|
8|.........|
9|.........|
-|---------|
Set/unset mine marks or claim a cell as free:
> 1 5 mine
 |123456789|
-|---------|
1|.........|
2|.........|
3|.........|
4|.........|
5|*........|
6|.........|
7|.........|
8|.........|
9|.........|
-|---------|
Set/unset mine marks or claim a cell as free:
> 9 1 free
 |123456789|
-|---------|
1|........2|
2|.........|
3|.........|
4|.........|
5|*........|
6|.........|
7|.........|
8|.........|
9|.........|
-|---------|
Set/unset mine marks or claim a cell as free:
> 8 2 mine
 |123456789|
-|---------|
1|........2|
2|.......*.|
3|.........|
4|.........|
5|*........|
6|.........|
7|.........|
8|.........|
9|.........|
-|---------|
Set/unset mine marks or claim a cell as free:
> 5 4 free
 |123456789|
-|---------|
1|XX.XXXXX2|
2|.XXXX.XX.|
3|.X.X.X.XX|
4|XX..X...X|
5|*..X.X.X.|
6|..XXXXXX.|
7|XXXXX.X.X|
8|X..X.X.XX|
9|XXXX.XX.X|
-|---------|
You stepped on a mine and failed!
?[1;31m
Start test 108?[0m
How many mines do you want on the field?
> 50
 |123456789|
-|---------|
1|.........|
2|.........|
3|.........|
4|.........|
5|.........|
6|.........|
7|.........|
8|.........|
9|.........|
-|---------|
Set/unset mine marks or claim a cell as free:
> 9 4 free
 |123456789|
-|---------|
1|.........|
2|.........|
3|.........|
4|........4|
5|.........|
6|.........|
7|.........|
8|.........|
9|.........|
-|---------|
Set/unset mine marks or claim a cell as free:
> 5 5 free
 |123456789|
-|---------|
1|.XXXXX..X|
2|.XXX.X.XX|
3|XXXX..XXX|
4|.XXX...X4|
5|X.XXX..X.|
6|.X.XX.XX.|
7|XX.X.X.XX|
8|XX..X.XXX|
9|.XX..XXX.|
-|---------|
You stepped on a mine and failed!
?[1;31m
Start test 109?[0m
How many mines do you want on the field?
> 55
 |123456789|
-|---------|
1|.........|
2|.........|
3|.........|
4|.........|
5|.........|
6|.........|
7|.........|
8|.........|
9|.........|
-|---------|
Set/unset mine marks or claim a cell as free:
> 5 6 free
 |123456789|
-|---------|
1|.........|
2|.........|
3|.........|
4|.........|
5|.........|
6|....8....|
7|.........|
8|.........|
9|.........|
-|---------|
Set/unset mine marks or claim a cell as free:
> 1 9 free
 |123456789|
-|---------|
1|XXX.XXXX.|
2|XX.XXXX..|
3|XX..XXXX.|
4|.X.X....X|
5|XXXXXXXXX|
6|.XXX8XX.X|
7|..XXXXXXX|
8|.XX.X.XX.|
9|X.X.XX.XX|
-|---------|
You stepped on a mine and failed!
?[1;31m
Start test 110?[0m
How many mines do you want on the field?
> 55
 |123456789|
-|---------|
1|.........|
2|.........|
3|.........|
4|.........|
5|.........|
6|.........|
7|.........|
8|.........|
9|.........|
-|---------|
Set/unset mine marks or claim a cell as free:
> 5 2 mine
 |123456789|
-|---------|
1|.........|
2|....*....|
3|.........|
4|.........|
5|.........|
6|.........|
7|.........|
8|.........|
9|.........|
-|---------|
Set/unset mine marks or claim a cell as free:
> 6 1 free
 |123456789|
-|---------|
1|.....4...|
2|....*....|
3|.........|
4|.........|
5|.........|
6|.........|
7|.........|
8|.........|
9|.........|
-|---------|
Set/unset mine marks or claim a cell as free:
> 9 5 mine
 |123456789|
-|---------|
1|.....4...|
2|....*....|
3|.........|
4|.........|
5|........*|
6|.........|
7|.........|
8|.........|
9|.........|
-|---------|
Set/unset mine marks or claim a cell as free:
> 8 3 free
 |123456789|
-|---------|
1|X.XXX4XXX|
2|XX.XXX..X|
3|XXXXXXXXX|
4|XX.XX..XX|
5|X....XXX*|
6|.XXX.XXXX|
7|XXXXX...X|
8|X.XX.XXXX|
9|.XXX.....|
-|---------|
You stepped on a mine and failed!
?[1;31m
Start test 111?[0m
How many mines do you want on the field?
> 60
 |123456789|
-|---------|
1|.........|
2|.........|
3|.........|
4|.........|
5|.........|
6|.........|
7|.........|
8|.........|
9|.........|
-|---------|
Set/unset mine marks or claim a cell as free:
> 8 8 mine
 |123456789|
-|---------|
1|.........|
2|.........|
3|.........|
4|.........|
5|.........|
6|.........|
7|.........|
8|.......*.|
9|.........|
-|---------|
Set/unset mine marks or claim a cell as free:
> 4 2 mine
 |123456789|
-|---------|
1|.........|
2|...*.....|
3|.........|
4|.........|
5|.........|
6|.........|
7|.........|
8|.......*.|
9|.........|
-|---------|
Set/unset mine marks or claim a cell as free:
> 8 2 free
 |123456789|
-|---------|
1|.........|
2|...*...4.|
3|.........|
4|.........|
5|.........|
6|.........|
7|.........|
8|.......*.|
9|.........|
-|---------|
Set/unset mine marks or claim a cell as free:
> 8 8 mine
 |123456789|
-|---------|
1|.........|
2|...*...4.|
3|.........|
4|.........|
5|.........|
6|.........|
7|.........|
8|.........|
9|.........|
-|---------|
Set/unset mine marks or claim a cell as free:
> 4 7 free
 |123456789|
-|---------|
1|.........|
2|...*...4.|
3|.........|
4|.........|
5|.........|
6|.........|
7|...7.....|
8|.........|
9|.........|
-|---------|
Set/unset mine marks or claim a cell as free:
> 4 2 mine
 |123456789|
-|---------|
1|.........|
2|.......4.|
3|.........|
4|.........|
5|.........|
6|.........|
7|...7.....|
8|.........|
9|.........|
-|---------|
Set/unset mine marks or claim a cell as free:
> 9 7 free
 |123456789|
-|---------|
1|X.XXXX.XX|
2|XXXX.X.4.|
3|XXX.X..XX|
4|.X..XXXXX|
5|XXXXXX..X|
6|XXXX.XXXX|
7|XXX7XXXXX|
8|X.XXXX.XX|
9|.X.X.XXXX|
-|---------|
You stepped on a mine and failed!
?[1;31m
Start test 112?[0m
How many mines do you want on the field?
> 60
 |123456789|
-|---------|
1|.........|
2|.........|
3|.........|
4|.........|
5|.........|
6|.........|
7|.........|
8|.........|
9|.........|
-|---------|
Set/unset mine marks or claim a cell as free:
> 6 2 free
 |123456789|
-|---------|
1|.........|
2|.....7...|
3|.........|
4|.........|
5|.........|
6|.........|
7|.........|
8|.........|
9|.........|
-|---------|
Set/unset mine marks or claim a cell as free:
> 3 5 free
 |123456789|
-|---------|
1|.........|
2|.....7...|
3|.........|
4|.........|
5|..6......|
6|.........|
7|.........|
8|.........|
9|.........|
-|---------|
Set/unset mine marks or claim a cell as free:
> 6 5 free
 |123456789|
-|---------|
1|XX.XXXXXX|
2|XX.XX7XXX|
3|.XXX.XXXX|
4|XX..XXXXX|
5|XX6X.X..X|
6|XXXXXX.XX|
7|..XXXXXX.|
8|.X.XX...X|
9|XX.XXXXXX|
-|---------|
You stepped on a mine and failed!
?[1;31m
Start test 113?[0m
How many mines do you want on the field?
> 65
 |123456789|
-|---------|
1|.........|
2|.........|
3|.........|
4|.........|
5|.........|
6|.........|
7|.........|
8|.........|
9|.........|
-|---------|
Set/unset mine marks or claim a cell as free:
> 8 3 mine
 |123456789|
-|---------|
1|.........|
2|.........|
3|.......*.|
4|.........|
5|.........|
6|.........|
7|.........|
8|.........|
9|.........|
-|---------|
Set/unset mine marks or claim a cell as free:
> 9 2 free
 |123456789|
-|---------|
1|.........|
2|........3|
3|.......*.|
4|.........|
5|.........|
6|.........|
7|.........|
8|.........|
9|.........|
-|---------|
Set/unset mine marks or claim a cell as free:
> 2 4 free
 |123456789|
-|---------|
1|X...XXX.X|
2|.XXXXXX.3|
3|XXXXXX.XX|
4|XXXXXXXXX|
5|X.XXXXXXX|
6|.XXXXXXXX|
7|X..XXXX.X|
8|XXXXXXX.X|
9|XXXX.X.XX|
-|---------|
You stepped on a mine and failed!
?[1;31m
Start test 114?[0m
How many mines do you want on the field?
> 65
 |123456789|
-|---------|
1|.........|
2|.........|
3|.........|
4|.........|
5|.........|
6|.........|
7|.........|
8|.........|
9|.........|
-|---------|
Set/unset mine marks or claim a cell as free:
> 4 2 free
 |123456789|
-|---------|
1|.........|
2|...7.....|
3|.........|
4|.........|
5|.........|
6|.........|
7|.........|
8|.........|
9|.........|
-|---------|
Set/unset mine marks or claim a cell as free:
> 4 4 free
 |123456789|
-|---------|
1|XXXXXXXXX|
2|XXX7XXXX.|
3|.X.XXX.X.|
4|XXXXX.XXX|
5|.XXXXXX.X|
6|..XXXXXX.|
7|XX..X.XXX|
8|XXXXXXXXX|
9|XXXX.XXXX|
-|---------|
You stepped on a mine and failed!
]]></system-out>
  <system-err><![CDATA[]]></system-err>
</testsuite>
